e:\backup\study\3dproject\directx11-winphone\2dgameframework - build cross-platform\2dgameframework - windowphone\2dgameframework\arm\debug\vc110.pdb
e:\backup\study\3dproject\directx11-winphone\2dgameframework - build cross-platform\2dgameframework - windowphone\2dgameframework\arm\debug\animatedspritephysics.obj
e:\backup\study\3dproject\directx11-winphone\2dgameframework - build cross-platform\2dgameframework - windowphone\2dgameframework\arm\debug\entityfactory.obj
e:\backup\study\3dproject\directx11-winphone\2dgameframework - build cross-platform\2dgameframework - windowphone\2dgameframework\arm\debug\inputhandler.obj
e:\backup\study\3dproject\directx11-winphone\2dgameframework - build cross-platform\2dgameframework - windowphone\2dgameframework\arm\debug\main.obj
e:\backup\study\3dproject\directx11-winphone\2dgameframework - build cross-platform\2dgameframework - windowphone\2dgameframework\arm\debug\pathfinder.obj
e:\backup\study\3dproject\directx11-winphone\2dgameframework - build cross-platform\2dgameframework - windowphone\2dgameframework\arm\debug\soundmanager.obj
e:\backup\study\3dproject\directx11-winphone\2dgameframework - build cross-platform\2dgameframework - windowphone\2dgameframework\arm\debug\statemanager.obj
e:\backup\study\3dproject\directx11-winphone\2dgameframework - build cross-platform\2dgameframework - windowphone\2dgameframework\arm\debug\dds.obj
e:\backup\study\3dproject\directx11-winphone\2dgameframework - build cross-platform\2dgameframework - windowphone\2dgameframework\arm\debug\entity2d.obj
e:\backup\study\3dproject\directx11-winphone\2dgameframework - build cross-platform\2dgameframework - windowphone\2dgameframework\arm\debug\global.obj
e:\backup\study\3dproject\directx11-winphone\2dgameframework - build cross-platform\2dgameframework - windowphone\2dgameframework\arm\debug\mesh2d.obj
e:\backup\study\3dproject\directx11-winphone\2dgameframework - build cross-platform\2dgameframework - windowphone\2dgameframework\arm\debug\rectanglemesh.obj
e:\backup\study\3dproject\directx11-winphone\2dgameframework - build cross-platform\2dgameframework - windowphone\2dgameframework\arm\debug\shader.obj
e:\backup\study\3dproject\directx11-winphone\2dgameframework - build cross-platform\2dgameframework - windowphone\2dgameframework\arm\debug\stateconfig.obj
e:\backup\study\3dproject\directx11-winphone\2dgameframework - build cross-platform\2dgameframework - windowphone\2dgameframework\arm\debug\utils.obj
e:\backup\study\3dproject\directx11-winphone\2dgameframework - build cross-platform\2dgameframework - windowphone\2dgameframework\arm\debug\animatedsprite.obj
e:\backup\study\3dproject\directx11-winphone\2dgameframework - build cross-platform\2dgameframework - windowphone\2dgameframework\arm\debug\game.obj
e:\backup\study\3dproject\directx11-winphone\2dgameframework - build cross-platform\2dgameframework - windowphone\2dgameframework\arm\debug\model2d.obj
e:\backup\study\3dproject\directx11-winphone\2dgameframework - build cross-platform\2dgameframework - windowphone\2dgameframework\arm\debug\renderer.obj
e:\backup\study\3dproject\directx11-winphone\2dgameframework - build cross-platform\2dgameframework - windowphone\2dgameframework\arm\debug\sprite.obj
e:\backup\study\3dproject\directx11-winphone\2dgameframework - build cross-platform\2dgameframework - windowphone\2dgameframework\arm\debug\textrenderer.obj
e:\backup\study\3dproject\directx11-winphone\2dgameframework - build cross-platform\2dgameframework - windowphone\2dgameframework\arm\debug\direct3dbase.obj
e:\backup\study\3dproject\directx11-winphone\2dgameframework - build cross-platform\2dgameframework - windowphone\2dgameframework\arm\debug\fpslimitter.obj
e:\backup\study\3dproject\directx11-winphone\2dgameframework - build cross-platform\2dgameframework - windowphone\2dgameframework\arm\debug\loader.obj
e:\backup\study\3dproject\directx11-winphone\2dgameframework - build cross-platform\2dgameframework - windowphone\2dgameframework\arm\debug\resourcemanager.obj
e:\backup\study\3dproject\directx11-winphone\2dgameframework - build cross-platform\2dgameframework - windowphone\2dgameframework\arm\debug\state.obj
e:\backup\study\3dproject\directx11-winphone\2dgameframework - build cross-platform\2dgameframework - windowphone\2dgameframework\arm\debug\texture.obj
e:\backup\study\3dproject\directx11-winphone\2dgameframework - build cross-platform\2dgameframework - windowphone\bin-arm\2dgameframework.lib
