e:\backup\study\3dproject\directx11-winphone\2dgameframework - svn\utilities\debug-ati\utilities.pch
e:\backup\study\3dproject\directx11-winphone\2dgameframework - svn\utilities\debug-ati\stdafx.obj
e:\backup\study\3dproject\directx11-winphone\2dgameframework - svn\utilities\debug-ati\vc110.pdb
e:\backup\study\3dproject\directx11-winphone\2dgameframework - svn\utilities\debug-ati\esshader.obj
e:\backup\study\3dproject\directx11-winphone\2dgameframework - svn\utilities\debug-ati\esutil.obj
e:\backup\study\3dproject\directx11-winphone\2dgameframework - svn\utilities\debug-ati\esutil_win.obj
e:\backup\study\3dproject\directx11-winphone\2dgameframework - svn\utilities\debug-ati\math.obj
e:\backup\study\3dproject\directx11-winphone\2dgameframework - svn\utilities\debug-ati\tga.obj
f:\vvframeworkproject\gameframework\project\branches\spriteeditor\2dgameframework[foreditor]\utilities\debug-ati\utilities.pch
f:\vvframeworkproject\gameframework\project\branches\spriteeditor\2dgameframework[foreditor]\utilities\debug-ati\stdafx.obj
f:\vvframeworkproject\gameframework\project\branches\spriteeditor\2dgameframework[foreditor]\utilities\debug-ati\vc110.pdb
f:\vvframeworkproject\gameframework\project\branches\spriteeditor\2dgameframework[foreditor]\utilities\debug-ati\esshader.obj
f:\vvframeworkproject\gameframework\project\branches\spriteeditor\2dgameframework[foreditor]\utilities\debug-ati\esutil.obj
f:\vvframeworkproject\gameframework\project\branches\spriteeditor\2dgameframework[foreditor]\utilities\debug-ati\esutil_win.obj
f:\vvframeworkproject\gameframework\project\branches\spriteeditor\2dgameframework[foreditor]\utilities\debug-ati\math.obj
f:\vvframeworkproject\gameframework\project\branches\spriteeditor\2dgameframework[foreditor]\utilities\debug-ati\tga.obj
e:\backup\study\3dproject\directx11-winphone\2dgameframework - svn\bin-nvidia\utilities.lib
f:\vvframeworkproject\gameframework\project\branches\spriteeditor\2dgameframework[foreditor]\bin-nvidia\utilities.lib
g:\hoc tap\nam 4\gameclub\project\2dgameframework[foreditor]\utilities\debug-ati\vc120.pdb
f:\vvframeworkproject\gameframework\project\branches\spriteeditor\2dgameframework[foreditor]\utilities\debug-ati\vc120.pdb
f:\vvframeworkproject\gameframework\project\branches\spriteeditor\2dgameframework[foreditor]\utilities\debug-ati\vc120.idb
g:\hoc tap\nam 4\gameclub\project\2dgameframework[foreditor]\utilities\debug-ati\utilities.pch
g:\hoc tap\nam 4\gameclub\project\2dgameframework[foreditor]\utilities\debug-ati\vc120.idb
g:\hoc tap\nam 4\gameclub\project\2dgameframework[foreditor]\utilities\debug-ati\stdafx.obj
g:\hoc tap\nam 4\gameclub\project\2dgameframework[foreditor]\utilities\debug-ati\math.obj
g:\hoc tap\nam 4\gameclub\project\2dgameframework[foreditor]\utilities\debug-ati\esshader.obj
g:\hoc tap\nam 4\gameclub\project\2dgameframework[foreditor]\utilities\debug-ati\esutil.obj
g:\hoc tap\nam 4\gameclub\project\2dgameframework[foreditor]\utilities\debug-ati\esutil_win.obj
g:\hoc tap\nam 4\gameclub\project\2dgameframework[foreditor]\utilities\debug-ati\tga.obj
f:\vvframeworkproject\gameframework\project\branches\spriteeditor\2dgameframework[foreditor]\bin\utilities.lib
g:\hoc tap\nam 4\gameclub\project\2dgameframework[foreditor]\bin\utilities.lib
f:\vvframeworkproject\gameframework\project\branches\spriteeditor\2dgameframework[foreditor]\utilities\debug-ati\cl.command.1.tlog
f:\vvframeworkproject\gameframework\project\branches\spriteeditor\2dgameframework[foreditor]\utilities\debug-ati\cl.read.1.tlog
f:\vvframeworkproject\gameframework\project\branches\spriteeditor\2dgameframework[foreditor]\utilities\debug-ati\cl.write.1.tlog
f:\vvframeworkproject\gameframework\project\branches\spriteeditor\2dgameframework[foreditor]\utilities\debug-ati\lib-link.read.1.tlog
f:\vvframeworkproject\gameframework\project\branches\spriteeditor\2dgameframework[foreditor]\utilities\debug-ati\lib-link.write.1.tlog
f:\vvframeworkproject\gameframework\project\branches\spriteeditor\2dgameframework[foreditor]\utilities\debug-ati\lib.command.1.tlog
f:\vvframeworkproject\gameframework\project\branches\spriteeditor\2dgameframework[foreditor]\utilities\debug-ati\vc110.idb
f:\vvframeworkproject\gameframework\project\branches\spriteeditor\2dgameframework[foreditor]\\bin\utilities.lib
f:\vvframeworkproject\gameframework\project\branches\spriteeditor\2dgameframework[foreditor]\utilities\debug-ati\utilities.tlog\cl.command.1.tlog
f:\vvframeworkproject\gameframework\project\branches\spriteeditor\2dgameframework[foreditor]\utilities\debug-ati\utilities.tlog\cl.read.1.tlog
f:\vvframeworkproject\gameframework\project\branches\spriteeditor\2dgameframework[foreditor]\utilities\debug-ati\utilities.tlog\cl.write.1.tlog
f:\vvframeworkproject\gameframework\project\branches\spriteeditor\2dgameframework[foreditor]\utilities\debug-ati\utilities.tlog\lib-link.read.1.tlog
f:\vvframeworkproject\gameframework\project\branches\spriteeditor\2dgameframework[foreditor]\utilities\debug-ati\utilities.tlog\lib-link.write.1.tlog
f:\vvframeworkproject\gameframework\project\branches\spriteeditor\2dgameframework[foreditor]\utilities\debug-ati\utilities.tlog\lib.command.1.tlog
