g:\hoc tap\internship\2dengine\2dengine\utilities\debug-ati\utilities.pch
g:\hoc tap\internship\2dengine\2dengine\utilities\debug-ati\stdafx.obj
g:\hoc tap\internship\2dengine\2dengine\utilities\debug-ati\vc110.pdb
g:\hoc tap\internship\2dengine\2dengine\utilities\debug-ati\esshader.obj
g:\hoc tap\internship\2dengine\2dengine\utilities\debug-ati\esutil.obj
g:\hoc tap\internship\2dengine\2dengine\utilities\debug-ati\esutil_win.obj
g:\hoc tap\internship\2dengine\2dengine\utilities\debug-ati\math.obj
g:\hoc tap\internship\2dengine\2dengine\utilities\debug-ati\tga.obj
e:\backup\study\3dproject\directx11-winphone\2dgameframework[foreditor]\2dgameframework - wrap\utilities\debug-ati\utilities.pch
e:\backup\study\3dproject\directx11-winphone\2dgameframework[foreditor]\2dgameframework - wrap\utilities\debug-ati\stdafx.obj
e:\backup\study\3dproject\directx11-winphone\2dgameframework[foreditor]\2dgameframework - wrap\utilities\debug-ati\vc110.pdb
e:\backup\study\3dproject\directx11-winphone\2dgameframework[foreditor]\2dgameframework - wrap\utilities\stdafx.pch
e:\backup\study\3dproject\directx11-winphone\2dgameframework[foreditor]\2dgameframework - wrap\utilities\debug-ati\tga.obj
e:\backup\study\3dproject\directx11-winphone\2dgameframework[foreditor]\2dgameframework - wrap\utilities\debug-ati\esshader.obj
e:\backup\study\3dproject\directx11-winphone\2dgameframework[foreditor]\2dgameframework - wrap\utilities\debug-ati\esutil.obj
e:\backup\study\3dproject\directx11-winphone\2dgameframework[foreditor]\2dgameframework - wrap\utilities\debug-ati\esutil_win.obj
g:\hoc tap\internship\2dengine\2dengine\bin-nvidia\utilities.lib
e:\backup\study\3dproject\directx11-winphone\2dgameframework[foreditor]\2dgameframework - wrap\utilities\debug-ati\cl.command.1.tlog
e:\backup\study\3dproject\directx11-winphone\2dgameframework[foreditor]\2dgameframework - wrap\utilities\debug-ati\cl.read.1.tlog
e:\backup\study\3dproject\directx11-winphone\2dgameframework[foreditor]\2dgameframework - wrap\utilities\debug-ati\cl.write.1.tlog
e:\backup\study\3dproject\directx11-winphone\2dgameframework[foreditor]\2dgameframework - wrap\utilities\debug-ati\lib-link.read.1.tlog
e:\backup\study\3dproject\directx11-winphone\2dgameframework[foreditor]\2dgameframework - wrap\utilities\debug-ati\lib-link.write.1.tlog
e:\backup\study\3dproject\directx11-winphone\2dgameframework[foreditor]\2dgameframework - wrap\utilities\debug-ati\lib.command.1.tlog
e:\backup\study\3dproject\directx11-winphone\2dgameframework[foreditor]\2dgameframework - wrap\utilities\debug-ati\vc110.idb
