e:\backup\study\3dproject\directx11-winphone\2dgameframework - build cross-platform\2dgameframework - win32\2dgameframework\debug_windowphone\camera.obj
e:\backup\study\3dproject\directx11-winphone\2dgameframework - build cross-platform\2dgameframework - win32\2dgameframework\debug_windowphone\direct3dbase.obj
e:\backup\study\3dproject\directx11-winphone\2dgameframework - build cross-platform\2dgameframework - win32\2dgameframework\debug_windowphone\lookatcamera.obj
e:\backup\study\3dproject\directx11-winphone\2dgameframework - build cross-platform\2dgameframework - win32\2dgameframework\debug_windowphone\renderer.obj
e:\backup\study\3dproject\directx11-winphone\2dgameframework - build cross-platform\2dgameframework - win32\2dgameframework\debug_windowphone\textrenderer.obj
e:\backup\study\3dproject\directx11-winphone\2dgameframework - build cross-platform\2dgameframework - win32\2dgameframework\debug_windowphone\basecamera.obj
e:\backup\study\3dproject\directx11-winphone\2dgameframework - build cross-platform\2dgameframework - win32\2dgameframework\debug_windowphone\dds.obj
e:\backup\study\3dproject\directx11-winphone\2dgameframework - build cross-platform\2dgameframework - win32\2dgameframework\debug_windowphone\main.obj
e:\backup\study\3dproject\directx11-winphone\2dgameframework - build cross-platform\2dgameframework - win32\2dgameframework\debug_windowphone\pathfinder.obj
e:\backup\study\3dproject\directx11-winphone\2dgameframework - build cross-platform\2dgameframework - win32\2dgameframework\debug_windowphone\fpslimitter.obj
e:\backup\study\3dproject\directx11-winphone\2dgameframework - build cross-platform\2dgameframework - win32\2dgameframework\debug_windowphone\resource.obj
e:\backup\study\3dproject\directx11-winphone\2dgameframework - build cross-platform\2dgameframework - win32\2dgameframework\debug_windowphone\shader.obj
e:\backup\study\3dproject\directx11-winphone\2dgameframework - build cross-platform\2dgameframework - win32\2dgameframework\debug_windowphone\loader.obj
e:\backup\study\3dproject\directx11-winphone\2dgameframework - build cross-platform\2dgameframework - win32\2dgameframework\debug_windowphone\entity2d.obj
e:\backup\study\3dproject\directx11-winphone\2dgameframework - build cross-platform\2dgameframework - win32\2dgameframework\debug_windowphone\global.obj
e:\backup\study\3dproject\directx11-winphone\2dgameframework - build cross-platform\2dgameframework - win32\2dgameframework\debug_windowphone\model2d.obj
e:\backup\study\3dproject\directx11-winphone\2dgameframework - build cross-platform\2dgameframework - win32\2dgameframework\debug_windowphone\sprite.obj
e:\backup\study\3dproject\directx11-winphone\2dgameframework - build cross-platform\2dgameframework - win32\2dgameframework\debug_windowphone\animatedsprite.obj
e:\backup\study\3dproject\directx11-winphone\2dgameframework - build cross-platform\2dgameframework - win32\2dgameframework\debug_windowphone\inputhandler.obj
e:\backup\study\3dproject\directx11-winphone\2dgameframework - build cross-platform\2dgameframework - win32\2dgameframework\debug_windowphone\mesh2d.obj
e:\backup\study\3dproject\directx11-winphone\2dgameframework - build cross-platform\2dgameframework - win32\2dgameframework\debug_windowphone\rectanglemesh.obj
e:\backup\study\3dproject\directx11-winphone\2dgameframework - build cross-platform\2dgameframework - win32\2dgameframework\debug_windowphone\stateconfig.obj
e:\backup\study\3dproject\directx11-winphone\2dgameframework - build cross-platform\2dgameframework - win32\2dgameframework\debug_windowphone\utils.obj
e:\backup\study\3dproject\directx11-winphone\2dgameframework - build cross-platform\2dgameframework - win32\2dgameframework\debug_windowphone\animatedspritephysics.obj
e:\backup\study\3dproject\directx11-winphone\2dgameframework - build cross-platform\2dgameframework - win32\2dgameframework\debug_windowphone\entityfactory.obj
e:\backup\study\3dproject\directx11-winphone\2dgameframework - build cross-platform\2dgameframework - win32\2dgameframework\debug_windowphone\resourcemanager.obj
e:\backup\study\3dproject\directx11-winphone\2dgameframework - build cross-platform\2dgameframework - win32\2dgameframework\debug_windowphone\state.obj
e:\backup\study\3dproject\directx11-winphone\2dgameframework - build cross-platform\2dgameframework - win32\2dgameframework\debug_windowphone\texture.obj
e:\backup\study\3dproject\directx11-winphone\2dgameframework - build cross-platform\2dgameframework - win32\2dgameframework\debug_windowphone\game.obj
e:\backup\study\3dproject\directx11-winphone\2dgameframework - build cross-platform\2dgameframework - win32\2dgameframework\debug_windowphone\soundmanager.obj
e:\backup\study\3dproject\directx11-winphone\2dgameframework - build cross-platform\2dgameframework - win32\2dgameframework\debug_windowphone\statemanager.obj
e:\backup\study\3dproject\directx11-winphone\2dgameframework - build cross-platform\2dgameframework - win32\2dgameframework\debug_windowphone\vc110.pdb
e:\backup\study\3dproject\directx11-winphone\2dgameframework - build cross-platform\2dgameframework - win32\2dgameframework\debug_windowphone\2dgameframework.vcxprojresolveassemblyreference.cache
e:\backup\study\3dproject\directx11-winphone\2dgameframework - build cross-platform\2dgameframework - win32\2dgameframework\debug_windowphone\cl.1216.read.1.tlog
e:\backup\study\3dproject\directx11-winphone\2dgameframework - build cross-platform\2dgameframework - win32\2dgameframework\debug_windowphone\cl.1216.write.1.tlog
e:\backup\study\3dproject\directx11-winphone\2dgameframework - build cross-platform\2dgameframework - win32\2dgameframework\debug_windowphone\cl.152.read.1.tlog
e:\backup\study\3dproject\directx11-winphone\2dgameframework - build cross-platform\2dgameframework - win32\2dgameframework\debug_windowphone\cl.152.write.1.tlog
e:\backup\study\3dproject\directx11-winphone\2dgameframework - build cross-platform\2dgameframework - win32\2dgameframework\debug_windowphone\cl.1776.read.1.tlog
e:\backup\study\3dproject\directx11-winphone\2dgameframework - build cross-platform\2dgameframework - win32\2dgameframework\debug_windowphone\cl.1776.write.1.tlog
e:\backup\study\3dproject\directx11-winphone\2dgameframework - build cross-platform\2dgameframework - win32\2dgameframework\debug_windowphone\cl.1852.read.1.tlog
e:\backup\study\3dproject\directx11-winphone\2dgameframework - build cross-platform\2dgameframework - win32\2dgameframework\debug_windowphone\cl.1852.write.1.tlog
e:\backup\study\3dproject\directx11-winphone\2dgameframework - build cross-platform\2dgameframework - win32\2dgameframework\debug_windowphone\cl.1896.read.1.tlog
e:\backup\study\3dproject\directx11-winphone\2dgameframework - build cross-platform\2dgameframework - win32\2dgameframework\debug_windowphone\cl.1896.write.1.tlog
e:\backup\study\3dproject\directx11-winphone\2dgameframework - build cross-platform\2dgameframework - win32\2dgameframework\debug_windowphone\cl.2212.read.1.tlog
e:\backup\study\3dproject\directx11-winphone\2dgameframework - build cross-platform\2dgameframework - win32\2dgameframework\debug_windowphone\cl.2212.write.1.tlog
e:\backup\study\3dproject\directx11-winphone\2dgameframework - build cross-platform\2dgameframework - win32\2dgameframework\debug_windowphone\cl.264.read.1.tlog
e:\backup\study\3dproject\directx11-winphone\2dgameframework - build cross-platform\2dgameframework - win32\2dgameframework\debug_windowphone\cl.264.write.1.tlog
e:\backup\study\3dproject\directx11-winphone\2dgameframework - build cross-platform\2dgameframework - win32\2dgameframework\debug_windowphone\cl.2704.read.1.tlog
e:\backup\study\3dproject\directx11-winphone\2dgameframework - build cross-platform\2dgameframework - win32\2dgameframework\debug_windowphone\cl.2704.write.1.tlog
e:\backup\study\3dproject\directx11-winphone\2dgameframework - build cross-platform\2dgameframework - win32\2dgameframework\debug_windowphone\cl.2952.read.1.tlog
e:\backup\study\3dproject\directx11-winphone\2dgameframework - build cross-platform\2dgameframework - win32\2dgameframework\debug_windowphone\cl.2952.write.1.tlog
e:\backup\study\3dproject\directx11-winphone\2dgameframework - build cross-platform\2dgameframework - win32\2dgameframework\debug_windowphone\cl.3144.read.1.tlog
e:\backup\study\3dproject\directx11-winphone\2dgameframework - build cross-platform\2dgameframework - win32\2dgameframework\debug_windowphone\cl.3144.write.1.tlog
e:\backup\study\3dproject\directx11-winphone\2dgameframework - build cross-platform\2dgameframework - win32\2dgameframework\debug_windowphone\cl.3244.read.1.tlog
e:\backup\study\3dproject\directx11-winphone\2dgameframework - build cross-platform\2dgameframework - win32\2dgameframework\debug_windowphone\cl.3244.write.1.tlog
e:\backup\study\3dproject\directx11-winphone\2dgameframework - build cross-platform\2dgameframework - win32\2dgameframework\debug_windowphone\cl.3364.read.1.tlog
e:\backup\study\3dproject\directx11-winphone\2dgameframework - build cross-platform\2dgameframework - win32\2dgameframework\debug_windowphone\cl.3364.write.1.tlog
e:\backup\study\3dproject\directx11-winphone\2dgameframework - build cross-platform\2dgameframework - win32\2dgameframework\debug_windowphone\cl.3868.read.1.tlog
e:\backup\study\3dproject\directx11-winphone\2dgameframework - build cross-platform\2dgameframework - win32\2dgameframework\debug_windowphone\cl.3868.write.1.tlog
e:\backup\study\3dproject\directx11-winphone\2dgameframework - build cross-platform\2dgameframework - win32\2dgameframework\debug_windowphone\cl.4132.read.1.tlog
e:\backup\study\3dproject\directx11-winphone\2dgameframework - build cross-platform\2dgameframework - win32\2dgameframework\debug_windowphone\cl.4132.write.1.tlog
e:\backup\study\3dproject\directx11-winphone\2dgameframework - build cross-platform\2dgameframework - win32\2dgameframework\debug_windowphone\cl.4296.read.1.tlog
e:\backup\study\3dproject\directx11-winphone\2dgameframework - build cross-platform\2dgameframework - win32\2dgameframework\debug_windowphone\cl.4296.write.1.tlog
e:\backup\study\3dproject\directx11-winphone\2dgameframework - build cross-platform\2dgameframework - win32\2dgameframework\debug_windowphone\cl.460.read.1.tlog
e:\backup\study\3dproject\directx11-winphone\2dgameframework - build cross-platform\2dgameframework - win32\2dgameframework\debug_windowphone\cl.460.write.1.tlog
e:\backup\study\3dproject\directx11-winphone\2dgameframework - build cross-platform\2dgameframework - win32\2dgameframework\debug_windowphone\cl.5200.read.1.tlog
e:\backup\study\3dproject\directx11-winphone\2dgameframework - build cross-platform\2dgameframework - win32\2dgameframework\debug_windowphone\cl.5200.write.1.tlog
e:\backup\study\3dproject\directx11-winphone\2dgameframework - build cross-platform\2dgameframework - win32\2dgameframework\debug_windowphone\cl.5352.read.1.tlog
e:\backup\study\3dproject\directx11-winphone\2dgameframework - build cross-platform\2dgameframework - win32\2dgameframework\debug_windowphone\cl.5352.write.1.tlog
e:\backup\study\3dproject\directx11-winphone\2dgameframework - build cross-platform\2dgameframework - win32\2dgameframework\debug_windowphone\cl.5552.read.1.tlog
e:\backup\study\3dproject\directx11-winphone\2dgameframework - build cross-platform\2dgameframework - win32\2dgameframework\debug_windowphone\cl.5552.write.1.tlog
e:\backup\study\3dproject\directx11-winphone\2dgameframework - build cross-platform\2dgameframework - win32\2dgameframework\debug_windowphone\cl.5664.read.1.tlog
e:\backup\study\3dproject\directx11-winphone\2dgameframework - build cross-platform\2dgameframework - win32\2dgameframework\debug_windowphone\cl.5664.write.1.tlog
e:\backup\study\3dproject\directx11-winphone\2dgameframework - build cross-platform\2dgameframework - win32\2dgameframework\debug_windowphone\cl.5812.read.1.tlog
e:\backup\study\3dproject\directx11-winphone\2dgameframework - build cross-platform\2dgameframework - win32\2dgameframework\debug_windowphone\cl.5812.write.1.tlog
e:\backup\study\3dproject\directx11-winphone\2dgameframework - build cross-platform\2dgameframework - win32\2dgameframework\debug_windowphone\cl.6164.read.1.tlog
e:\backup\study\3dproject\directx11-winphone\2dgameframework - build cross-platform\2dgameframework - win32\2dgameframework\debug_windowphone\cl.6164.write.1.tlog
e:\backup\study\3dproject\directx11-winphone\2dgameframework - build cross-platform\2dgameframework - win32\2dgameframework\debug_windowphone\cl.6720.read.1.tlog
e:\backup\study\3dproject\directx11-winphone\2dgameframework - build cross-platform\2dgameframework - win32\2dgameframework\debug_windowphone\cl.6720.write.1.tlog
e:\backup\study\3dproject\directx11-winphone\2dgameframework - build cross-platform\2dgameframework - win32\2dgameframework\debug_windowphone\cl.6768.read.1.tlog
e:\backup\study\3dproject\directx11-winphone\2dgameframework - build cross-platform\2dgameframework - win32\2dgameframework\debug_windowphone\cl.6768.write.1.tlog
e:\backup\study\3dproject\directx11-winphone\2dgameframework - build cross-platform\2dgameframework - win32\2dgameframework\debug_windowphone\cl.6820.read.1.tlog
e:\backup\study\3dproject\directx11-winphone\2dgameframework - build cross-platform\2dgameframework - win32\2dgameframework\debug_windowphone\cl.6820.write.1.tlog
e:\backup\study\3dproject\directx11-winphone\2dgameframework - build cross-platform\2dgameframework - win32\2dgameframework\debug_windowphone\cl.7772.read.1.tlog
e:\backup\study\3dproject\directx11-winphone\2dgameframework - build cross-platform\2dgameframework - win32\2dgameframework\debug_windowphone\cl.7772.write.1.tlog
e:\backup\study\3dproject\directx11-winphone\2dgameframework - build cross-platform\2dgameframework - win32\2dgameframework\debug_windowphone\cl.8092.read.1.tlog
e:\backup\study\3dproject\directx11-winphone\2dgameframework - build cross-platform\2dgameframework - win32\2dgameframework\debug_windowphone\cl.8092.write.1.tlog
e:\backup\study\3dproject\directx11-winphone\2dgameframework - build cross-platform\2dgameframework - win32\2dgameframework\debug_windowphone\cl.928.read.1.tlog
e:\backup\study\3dproject\directx11-winphone\2dgameframework - build cross-platform\2dgameframework - win32\2dgameframework\debug_windowphone\cl.928.write.1.tlog
e:\backup\study\3dproject\directx11-winphone\2dgameframework - build cross-platform\2dgameframework - win32\2dgameframework\debug_windowphone\cl.command.1.tlog
e:\backup\study\3dproject\directx11-winphone\2dgameframework - build cross-platform\2dgameframework - win32\2dgameframework\debug_windowphone\cl.read.1.tlog
e:\backup\study\3dproject\directx11-winphone\2dgameframework - build cross-platform\2dgameframework - win32\2dgameframework\debug_windowphone\cl.write.1.tlog
e:\backup\study\3dproject\directx11-winphone\2dgameframework - build cross-platform\2dgameframework - win32\2dgameframework\debug_windowphone\lib-link.read.1.tlog
e:\backup\study\3dproject\directx11-winphone\2dgameframework - build cross-platform\2dgameframework - win32\2dgameframework\debug_windowphone\lib-link.write.1.tlog
e:\backup\study\3dproject\directx11-winphone\2dgameframework - build cross-platform\2dgameframework - win32\2dgameframework\debug_windowphone\lib.command.1.tlog
e:\backup\study\3dproject\directx11-winphone\2dgameframework - build cross-platform\2dgameframework - win32\2dgameframework\debug_windowphone\vc110.idb
