G:\HOC TAP\INTERNSHIP\BATTLE CITY CLONE\2DENGINE\2DENGINE\UTILITIES\DEBUG-NVIDIA\UTILITIES.PCH
G:\HOC TAP\INTERNSHIP\BATTLE CITY CLONE\2DENGINE\2DENGINE\UTILITIES\DEBUG-NVIDIA\STDAFX.OBJ
G:\HOC TAP\INTERNSHIP\BATTLE CITY CLONE\2DENGINE\2DENGINE\UTILITIES\DEBUG-NVIDIA\VC110.PDB
G:\HOC TAP\INTERNSHIP\BATTLE CITY CLONE\2DENGINE\2DENGINE\UTILITIES\DEBUG-NVIDIA\ESSHADER.OBJ
G:\HOC TAP\INTERNSHIP\BATTLE CITY CLONE\2DENGINE\2DENGINE\UTILITIES\DEBUG-NVIDIA\ESUTIL.OBJ
G:\HOC TAP\INTERNSHIP\BATTLE CITY CLONE\2DENGINE\2DENGINE\UTILITIES\DEBUG-NVIDIA\ESUTIL_WIN.OBJ
G:\HOC TAP\INTERNSHIP\BATTLE CITY CLONE\2DENGINE\2DENGINE\UTILITIES\DEBUG-NVIDIA\MATH.OBJ
G:\HOC TAP\INTERNSHIP\BATTLE CITY CLONE\2DENGINE\2DENGINE\UTILITIES\DEBUG-NVIDIA\TGA.OBJ
G:\HOC TAP\INTERNSHIP\BATTLE CITY CLONE\2DENGINE\2DENGINE\LIB\NVIDIA\UTILITIES.LIB
G:\Hoc Tap\Internship\Battle City Clone\2DEngine\2DEngine\Utilities\Debug-Nvidia\esShader.obj
G:\Hoc Tap\Internship\Battle City Clone\2DEngine\2DEngine\Utilities\Debug-Nvidia\esUtil.obj
G:\Hoc Tap\Internship\Battle City Clone\2DEngine\2DEngine\Utilities\Debug-Nvidia\esUtil_win.obj
G:\Hoc Tap\Internship\Battle City Clone\2DEngine\2DEngine\Utilities\Debug-Nvidia\Math.obj
G:\Hoc Tap\Internship\Battle City Clone\2DEngine\2DEngine\Utilities\Debug-Nvidia\stdafx.obj
G:\Hoc Tap\Internship\Battle City Clone\2DEngine\2DEngine\Utilities\Debug-Nvidia\TGA.obj
G:\Hoc Tap\Internship\Battle City Clone\2DEngine\2DEngine\Utilities\Debug-Nvidia\cl.command.1.tlog
G:\Hoc Tap\Internship\Battle City Clone\2DEngine\2DEngine\Utilities\Debug-Nvidia\CL.read.1.tlog
G:\Hoc Tap\Internship\Battle City Clone\2DEngine\2DEngine\Utilities\Debug-Nvidia\CL.write.1.tlog
G:\Hoc Tap\Internship\Battle City Clone\2DEngine\2DEngine\Utilities\Debug-Nvidia\Lib-link.read.1.tlog
G:\Hoc Tap\Internship\Battle City Clone\2DEngine\2DEngine\Utilities\Debug-Nvidia\Lib-link.write.1.tlog
G:\Hoc Tap\Internship\Battle City Clone\2DEngine\2DEngine\Utilities\Debug-Nvidia\lib.command.1.tlog
G:\Hoc Tap\Internship\Battle City Clone\2DEngine\2DEngine\Utilities\Debug-Nvidia\Utilities.pch
G:\Hoc Tap\Internship\Battle City Clone\2DEngine\2DEngine\Utilities\Debug-Nvidia\vc110.idb
G:\Hoc Tap\Internship\Battle City Clone\2DEngine\2DEngine\Utilities\Debug-Nvidia\vc110.pdb
G:\Hoc Tap\Internship\Battle City Clone\2DEngine\2DEngine\\Lib\Nvidia\Utilities.lib
