e:\backup\study\3dproject\cross-platform_template\win32\demogame2dwithorthorcamera\debug\vc120.pdb
e:\backup\study\3dproject\cross-platform_template\win32\demogame2dwithorthorcamera\debug\vc120.idb
e:\backup\study\3dproject\cross-platform_template\win32\demogame2dwithorthorcamera\debug\game2d.obj
e:\backup\study\3dproject\cross-platform_template\win32\demogame2dwithorthorcamera\debug\main.obj
e:\backup\study\3dproject\cross-platform_template\win32\demogame2dwithorthorcamera\debug\mystateconfig.obj
e:\backup\study\3dproject\cross-platform_template\win32\demogame2dwithorthorcamera\debug\pch.obj
e:\backup\study\3dproject\cross-platform_template\win32\demogame2dwithorthorcamera\debug\gameplay.obj
e:\backup\study\3dproject\cross-platform_template\win32\demogame2dwithorthorcamera\debug\gameeditor.obj
e:\backup\study\3dproject\cross-platform_template\win32\bin-ati\chimquay.lib
e:\backup\study\3dproject\cross-platform_template\win32\bin-ati\chimquay.exp
e:\backup\study\3dproject\cross-platform_template\win32\bin-ati-e\chimquay.lib
e:\backup\study\3dproject\cross-platform_template\win32\bin-ati-e\chimquay.exp
e:\backup\study\3dproject\cross-platform_template\win32\bin-nvidia-e\chimquay.lib
e:\backup\study\3dproject\cross-platform_template\win32\bin-nvidia-e\chimquay.exp
e:\backup\study\3dproject\cross-platform_template\win32\bin-nvidia-e\chimquay.dll
e:\backup\study\3dproject\cross-platform_template\win32\bin-nvidia-e\chimquay.pdb
e:\backup\study\3dproject\cross-platform_template\win32\\bin-nvidia-e\chimquay.pdb
e:\backup\study\3dproject\cross-platform_template\win32\\bin-nvidia-e\chimquay.dll
e:\backup\study\3dproject\cross-platform_template\win32\demogame2dwithorthorcamera\debug\demogame.fc463634.tlog\cl.command.1.tlog
e:\backup\study\3dproject\cross-platform_template\win32\demogame2dwithorthorcamera\debug\demogame.fc463634.tlog\cl.read.1.tlog
e:\backup\study\3dproject\cross-platform_template\win32\demogame2dwithorthorcamera\debug\demogame.fc463634.tlog\cl.write.1.tlog
e:\backup\study\3dproject\cross-platform_template\win32\demogame2dwithorthorcamera\debug\demogame.fc463634.tlog\demogame2dwithorthorcamera.write.1u.tlog
e:\backup\study\3dproject\cross-platform_template\win32\demogame2dwithorthorcamera\debug\demogame.fc463634.tlog\link.command.1.tlog
e:\backup\study\3dproject\cross-platform_template\win32\demogame2dwithorthorcamera\debug\demogame.fc463634.tlog\link.read.1.tlog
e:\backup\study\3dproject\cross-platform_template\win32\demogame2dwithorthorcamera\debug\demogame.fc463634.tlog\link.write.1.tlog
