f:\vvframeworkproject\gameframework\project\branches\spriteeditor\gamedemo\win32\demogame2dwithorthorcamera\debug\vc120.pdb
f:\vvframeworkproject\gameframework\project\branches\spriteeditor\gamedemo\win32\demogame2dwithorthorcamera\debug\vc120.idb
f:\vvframeworkproject\gameframework\project\branches\spriteeditor\gamedemo\win32\demogame2dwithorthorcamera\debug\game2d.obj
f:\vvframeworkproject\gameframework\project\branches\spriteeditor\gamedemo\win32\demogame2dwithorthorcamera\debug\gameplay.obj
f:\vvframeworkproject\gameframework\project\branches\spriteeditor\gamedemo\win32\demogame2dwithorthorcamera\debug\main.obj
f:\vvframeworkproject\gameframework\project\branches\spriteeditor\gamedemo\win32\demogame2dwithorthorcamera\debug\mystateconfig.obj
f:\vvframeworkproject\gameframework\project\branches\spriteeditor\gamedemo\win32\demogame2dwithorthorcamera\debug\pch.obj
f:\vvframeworkproject\gameframework\project\branches\spriteeditor\gamedemo\win32\bin-ati-e\game.lib
f:\vvframeworkproject\gameframework\project\branches\spriteeditor\gamedemo\win32\bin-ati-e\game.exp
f:\vvframeworkproject\gameframework\project\branches\spriteeditor\gamedemo\win32\bin-ati-e\game.dll
f:\vvframeworkproject\gameframework\project\branches\spriteeditor\gamedemo\win32\bin-ati-e\game.pdb
f:\vvframeworkproject\gameframework\project\branches\spriteeditor\gamedemo\win32\\bin-ati-e\game.pdb
f:\vvframeworkproject\gameframework\project\branches\spriteeditor\gamedemo\win32\\bin-ati-e\game.dll
f:\vvframeworkproject\gameframework\project\branches\spriteeditor\gamedemo\win32\demogame2dwithorthorcamera\debug\game2ddemo.tlog\cl.command.1.tlog
f:\vvframeworkproject\gameframework\project\branches\spriteeditor\gamedemo\win32\demogame2dwithorthorcamera\debug\game2ddemo.tlog\cl.read.1.tlog
f:\vvframeworkproject\gameframework\project\branches\spriteeditor\gamedemo\win32\demogame2dwithorthorcamera\debug\game2ddemo.tlog\cl.write.1.tlog
f:\vvframeworkproject\gameframework\project\branches\spriteeditor\gamedemo\win32\demogame2dwithorthorcamera\debug\game2ddemo.tlog\game2ddemo.write.1u.tlog
f:\vvframeworkproject\gameframework\project\branches\spriteeditor\gamedemo\win32\demogame2dwithorthorcamera\debug\game2ddemo.tlog\link.command.1.tlog
f:\vvframeworkproject\gameframework\project\branches\spriteeditor\gamedemo\win32\demogame2dwithorthorcamera\debug\game2ddemo.tlog\link.read.1.tlog
f:\vvframeworkproject\gameframework\project\branches\spriteeditor\gamedemo\win32\demogame2dwithorthorcamera\debug\game2ddemo.tlog\link.write.1.tlog
