e:\backup\study\3dproject\directx11-winphone\2dgameframework - svn\2dgameframework\debug\global.obj
e:\backup\study\3dproject\directx11-winphone\2dgameframework - svn\2dgameframework\debug\inputhandler.obj
e:\backup\study\3dproject\directx11-winphone\2dgameframework - svn\2dgameframework\debug\lookatcamera.obj
e:\backup\study\3dproject\directx11-winphone\2dgameframework - svn\2dgameframework\debug\main.obj
e:\backup\study\3dproject\directx11-winphone\2dgameframework - svn\2dgameframework\debug\mesh2d.obj
e:\backup\study\3dproject\directx11-winphone\2dgameframework - svn\2dgameframework\debug\model2d.obj
e:\backup\study\3dproject\directx11-winphone\2dgameframework - svn\2dgameframework\debug\pathfinder.obj
e:\backup\study\3dproject\directx11-winphone\2dgameframework - svn\2dgameframework\debug\rectanglemesh.obj
e:\backup\study\3dproject\directx11-winphone\2dgameframework - svn\2dgameframework\debug\resource.obj
e:\backup\study\3dproject\directx11-winphone\2dgameframework - svn\2dgameframework\debug\resourcemanager.obj
e:\backup\study\3dproject\directx11-winphone\2dgameframework - svn\2dgameframework\debug\shader.obj
e:\backup\study\3dproject\directx11-winphone\2dgameframework - svn\2dgameframework\debug\soundmanager.obj
e:\backup\study\3dproject\directx11-winphone\2dgameframework - svn\2dgameframework\debug\sprite.obj
e:\backup\study\3dproject\directx11-winphone\2dgameframework - svn\2dgameframework\debug\state.obj
e:\backup\study\3dproject\directx11-winphone\2dgameframework - svn\2dgameframework\debug\stateconfig.obj
e:\backup\study\3dproject\directx11-winphone\2dgameframework - svn\2dgameframework\debug\statemanager.obj
e:\backup\study\3dproject\directx11-winphone\2dgameframework - svn\2dgameframework\debug\textrenderer.obj
e:\backup\study\3dproject\directx11-winphone\2dgameframework - svn\2dgameframework\debug\texture.obj
e:\backup\study\3dproject\directx11-winphone\2dgameframework - svn\2dgameframework\debug\animatedsprite.obj
e:\backup\study\3dproject\directx11-winphone\2dgameframework - svn\2dgameframework\debug\animatedspritephysics.obj
e:\backup\study\3dproject\directx11-winphone\2dgameframework - svn\2dgameframework\debug\basecamera.obj
e:\backup\study\3dproject\directx11-winphone\2dgameframework - svn\2dgameframework\debug\camera.obj
e:\backup\study\3dproject\directx11-winphone\2dgameframework - svn\2dgameframework\debug\entity2d.obj
e:\backup\study\3dproject\directx11-winphone\2dgameframework - svn\2dgameframework\debug\entityfactory.obj
e:\backup\study\3dproject\directx11-winphone\2dgameframework - svn\2dgameframework\debug\fpslimitter.obj
e:\backup\study\3dproject\directx11-winphone\2dgameframework - svn\2dgameframework\debug\game.obj
e:\backup\study\3dproject\directx11-winphone\2dgameframework - svn\2dgameframework\debug\utils.obj
e:\backup\study\3dproject\directx11-winphone\2dgameframework - svn\2dgameframework\debug\vc110.pdb
e:\backup\study\3dproject\directx11-winphone\2dgameframework - svn\bin-ati\2dgameframework.lib
e:\backup\study\3dproject\directx11-winphone\2dgameframework - svn\2dgameframework\debug\vc120.pdb
e:\backup\study\3dproject\directx11-winphone\2dgameframework - svn\2dgameframework\debug\vc120.idb
e:\backup\study\3dproject\directx11-winphone\2dgameframework - svn\2dgameframework\debug\cl.command.1.tlog
e:\backup\study\3dproject\directx11-winphone\2dgameframework - svn\2dgameframework\debug\cl.read.1.tlog
e:\backup\study\3dproject\directx11-winphone\2dgameframework - svn\2dgameframework\debug\cl.write.1.tlog
e:\backup\study\3dproject\directx11-winphone\2dgameframework - svn\2dgameframework\debug\lib-link.2144.read.1.tlog
e:\backup\study\3dproject\directx11-winphone\2dgameframework - svn\2dgameframework\debug\lib-link.2144.write.1.tlog
e:\backup\study\3dproject\directx11-winphone\2dgameframework - svn\2dgameframework\debug\lib-link.400.read.1.tlog
e:\backup\study\3dproject\directx11-winphone\2dgameframework - svn\2dgameframework\debug\lib-link.400.write.1.tlog
e:\backup\study\3dproject\directx11-winphone\2dgameframework - svn\2dgameframework\debug\lib-link.960.read.1.tlog
e:\backup\study\3dproject\directx11-winphone\2dgameframework - svn\2dgameframework\debug\lib-link.960.write.1.tlog
e:\backup\study\3dproject\directx11-winphone\2dgameframework - svn\2dgameframework\debug\lib-link.read.1.tlog
e:\backup\study\3dproject\directx11-winphone\2dgameframework - svn\2dgameframework\debug\lib-link.write.1.tlog
e:\backup\study\3dproject\directx11-winphone\2dgameframework - svn\2dgameframework\debug\lib.command.1.tlog
e:\backup\study\3dproject\directx11-winphone\2dgameframework - svn\2dgameframework\debug\lib.read.1.tlog
e:\backup\study\3dproject\directx11-winphone\2dgameframework - svn\2dgameframework\debug\vc110.idb
e:\backup\study\3dproject\directx11-winphone\2dgameframework - svn\\bin-ati\2dgameframework.lib
e:\backup\study\3dproject\directx11-winphone\2dgameframework - svn\2dgameframework\debug\2dgameframework.tlog\cl.command.1.tlog
e:\backup\study\3dproject\directx11-winphone\2dgameframework - svn\2dgameframework\debug\2dgameframework.tlog\cl.read.1.tlog
e:\backup\study\3dproject\directx11-winphone\2dgameframework - svn\2dgameframework\debug\2dgameframework.tlog\cl.write.1.tlog
e:\backup\study\3dproject\directx11-winphone\2dgameframework - svn\2dgameframework\debug\2dgameframework.tlog\lib-link.1064.read.1.tlog
e:\backup\study\3dproject\directx11-winphone\2dgameframework - svn\2dgameframework\debug\2dgameframework.tlog\lib-link.1064.write.1.tlog
e:\backup\study\3dproject\directx11-winphone\2dgameframework - svn\2dgameframework\debug\2dgameframework.tlog\lib.command.1.tlog
