f:\vvframeworkproject\gameframework\project\branches\spriteeditor\gamedemo\win32\game2ddemo\debug_ati\vc120.pdb
f:\vvframeworkproject\gameframework\project\branches\spriteeditor\gamedemo\win32\game2ddemo\debug_ati\vc120.idb
f:\vvframeworkproject\gameframework\project\branches\spriteeditor\gamedemo\win32\game2ddemo\debug_ati\game2d.obj
f:\vvframeworkproject\gameframework\project\branches\spriteeditor\gamedemo\win32\game2ddemo\debug_ati\gameplay.obj
f:\vvframeworkproject\gameframework\project\branches\spriteeditor\gamedemo\win32\game2ddemo\debug_ati\main.obj
f:\vvframeworkproject\gameframework\project\branches\spriteeditor\gamedemo\win32\game2ddemo\debug_ati\mystateconfig.obj
f:\vvframeworkproject\gameframework\project\branches\spriteeditor\gamedemo\win32\game2ddemo\debug_ati\pch.obj
f:\vvframeworkproject\gameframework\project\branches\spriteeditor\gamedemo\win32\bin-nvidia\game.lib
f:\vvframeworkproject\gameframework\project\branches\spriteeditor\gamedemo\win32\bin-nvidia\game.exp
f:\vvframeworkproject\gameframework\project\branches\spriteeditor\gamedemo\win32\bin-ati\game.lib
f:\vvframeworkproject\gameframework\project\branches\spriteeditor\gamedemo\win32\bin-ati\game.exp
f:\vvframeworkproject\gameframework\project\branches\spriteeditor\gamedemo\win32\bin-ati\game.exe
f:\vvframeworkproject\gameframework\project\branches\spriteeditor\gamedemo\win32\bin-ati\game.pdb
f:\vvframeworkproject\gameframework\project\branches\spriteeditor\gamedemo\win32\\bin-ati\game.pdb
f:\vvframeworkproject\gameframework\project\branches\spriteeditor\gamedemo\win32\\bin-ati\game.exe
f:\vvframeworkproject\gameframework\project\branches\spriteeditor\gamedemo\win32\game2ddemo\debug_ati\game2ddemo.tlog\cl.command.1.tlog
f:\vvframeworkproject\gameframework\project\branches\spriteeditor\gamedemo\win32\game2ddemo\debug_ati\game2ddemo.tlog\cl.read.1.tlog
f:\vvframeworkproject\gameframework\project\branches\spriteeditor\gamedemo\win32\game2ddemo\debug_ati\game2ddemo.tlog\cl.write.1.tlog
f:\vvframeworkproject\gameframework\project\branches\spriteeditor\gamedemo\win32\game2ddemo\debug_ati\game2ddemo.tlog\game2ddemo.write.1u.tlog
f:\vvframeworkproject\gameframework\project\branches\spriteeditor\gamedemo\win32\game2ddemo\debug_ati\game2ddemo.tlog\link.command.1.tlog
f:\vvframeworkproject\gameframework\project\branches\spriteeditor\gamedemo\win32\game2ddemo\debug_ati\game2ddemo.tlog\link.read.1.tlog
f:\vvframeworkproject\gameframework\project\branches\spriteeditor\gamedemo\win32\game2ddemo\debug_ati\game2ddemo.tlog\link.write.1.tlog
