Build started 1/25/2015 6:59:55 PM.
     1>Project "F:\VVFrameWorkProject\GameFramework\Project\branches\SpriteEditor\GameDemo\Win32\Game2DDemo\Game2DDemo.vcxproj" on node 2 (Build target(s)).
     1>ClCompile:
         G:\Microsoft Visual Studio 12.0\VC\bin\CL.exe /c /IF:\VVFrameWorkProject\GameFramework\Project\branches\SpriteEditor\GameDemo\Win32\\Include\ATI /IF:\VVFrameWorkProject\GameFramework\Project\branches\SpriteEditor\GameDemo\Win32\\Include /IF:\VVFrameWorkProject\GameFramework\Project\branches\SpriteEditor\GameDemo\Win32\\Include\include /IF:\VVFrameWorkProject\GameFramework\Project\branches\SpriteEditor\GameDemo\Win32\\Include\Nvidia\Sound\include /IF:\VVFrameWorkProject\GameFramework\Project\branches\SpriteEditor\GameDemo\Win32\\Include\Nvidia\Vorbis\include /IF:\VVFrameWorkProject\GameFramework\Project\branches\SpriteEditor\GameDemo\Win32\\Include\Nvidia\Freetype /IF:\VVFrameWorkProject\GameFramework\Project\branches\SpriteEditor\GameDemo\Win32\\Include\Nvidia\Freetype\include /IF:\VVFrameWorkProject\GameFramework\Project\branches\SpriteEditor\GameDemo\Win32\\Include\Box2D /ZI /nologo /W3 /WX- /Od /Oy- /D WIN32 /D _DEBUG /D _CONSOLE /D _CRT_SECURE_NO_WARNINGS /D _WINDLL /D _UNICODE /D UNICODE /Gm /EHsc /RTC1 /MDd /GS /fp:precise /Zc:wchar_t /Zc:forScope /Fo"Debug_ATI\\" /Fd"Debug_ATI\vc120.pdb" /Gd /TP /analyze- /errorReport:prompt ..\..\Source\Main.cpp
         Main.cpp
     1>c:\program files (x86)\windows kits\8.1\include\shared\basetsd.h(452): warning C4005: 'MAXINT' : macro redefinition
                 f:\vvframeworkproject\gameframework\project\branches\spriteeditor\gamedemo\win32\include\2dgameframework\debugdefine.h(17) : see previous definition of 'MAXINT'
     1>f:\vvframeworkproject\gameframework\project\branches\spriteeditor\gamedemo\win32\include\utilities\mathex.h(46): warning C4521: 'Vector2' : multiple copy constructors specified
     1>f:\vvframeworkproject\gameframework\project\branches\spriteeditor\gamedemo\win32\include\utilities\mathex.h(91): warning C4521: 'Vector3' : multiple copy constructors specified
     1>f:\vvframeworkproject\gameframework\project\branches\spriteeditor\gamedemo\win32\include\2dgameframework\debugdefine.h(17): warning C4005: 'MAXINT' : macro redefinition
                 c:\program files (x86)\windows kits\8.1\include\shared\basetsd.h(452) : see previous definition of 'MAXINT'
     1>f:\vvframeworkproject\gameframework\project\branches\spriteeditor\gamedemo\win32\include\2dgameframework\entity2d.h(52): warning C4305: 'initializing' : truncation from 'double' to 'float'
     1>f:\vvframeworkproject\gameframework\project\branches\spriteeditor\gamedemo\win32\include\2dgameframework\entity2d.h(59): warning C4244: '+=' : conversion from 'double' to 'float', possible loss of data
     1>f:\vvframeworkproject\gameframework\project\branches\spriteeditor\gamedemo\win32\include\2dgameframework\sprite.h(40): warning C4244: '=' : conversion from 'int' to 'float', possible loss of data
     1>f:\vvframeworkproject\gameframework\project\branches\spriteeditor\gamedemo\source\main.cpp(197): warning C4244: '=' : conversion from 'int' to 'GLfloat', possible loss of data
     1>f:\vvframeworkproject\gameframework\project\branches\spriteeditor\gamedemo\source\main.cpp(198): warning C4244: '=' : conversion from 'int' to 'GLfloat', possible loss of data
       Link:
         G:\Microsoft Visual Studio 12.0\VC\bin\link.exe /ERRORREPORT:PROMPT /OUT:"F:\VVFrameWorkProject\GameFramework\Project\branches\SpriteEditor\GameDemo\Win32\\BIN-ATI\Game.dll" /INCREMENTAL /NOLOGO /LIBPATH:F:\VVFrameWorkProject\GameFramework\Project\branches\SpriteEditor\GameDemo\Win32\\Lib\ATI /LIBPATH:F:\VVFrameWorkProject\GameFramework\Project\branches\SpriteEditor\GameDemo\Win32\\Lib\Framework libEGL.lib libGLESv2.lib freetype253_D.lib assimp.lib theora_static.lib Utilities.lib SOIL.lib OpenGL32.lib 2DGameFramework.lib OpenAL32.lib kernel32.lib user32.lib gdi32.lib winspool.lib comdlg32.lib advapi32.lib shell32.lib ole32.lib oleaut32.lib uuid.lib odbc32.lib odbccp32.lib /MANIFEST /MANIFESTUAC:"level='asInvoker' uiAccess='false'" /manifest:embed /DEBUG /PDB:"F:\VVFrameWorkProject\GameFramework\Project\branches\SpriteEditor\GameDemo\Win32\\BIN-ATI\Game.pdb" /SUBSYSTEM:CONSOLE /TLBID:1 /DYNAMICBASE /NXCOMPAT /IMPLIB:"F:\VVFrameWorkProject\GameFramework\Project\branches\SpriteEditor\GameDemo\Win32\\BIN-ATI\Game.lib" /MACHINE:X86 /DLL Debug_ATI\Game2D.obj
         Debug_ATI\GamePlay.obj
         Debug_ATI\Main.obj
         Debug_ATI\MyStateConfig.obj
         Debug_ATI\pch.obj
         2DGameFramework.lib(framing.obj) : MSIL .netmodule or module compiled with /GL found; restarting link with /LTCG; add /LTCG to the link command line to improve linker performance
     1>LINK : warning LNK4075: ignoring '/INCREMENTAL' due to '/LTCG' specification
     1>Game2D.obj : warning LNK4075: ignoring '/EDITANDCONTINUE' due to '/OPT:LBR' specification
            Creating library F:\VVFrameWorkProject\GameFramework\Project\branches\SpriteEditor\GameDemo\Win32\\BIN-ATI\Game.lib and object F:\VVFrameWorkProject\GameFramework\Project\branches\SpriteEditor\GameDemo\Win32\\BIN-ATI\Game.exp
     1>LINK : warning LNK4098: defaultlib 'MSVCRT' conflicts with use of other libs; use /NODEFAULTLIB:library
         Generating code
         Finished generating code
     1>Utilities.lib(esUtil.obj) : warning LNK4099: PDB 'vc120.pdb' was not found with 'Utilities.lib(esUtil.obj)' or at 'F:\VVFrameWorkProject\GameFramework\Project\branches\SpriteEditor\GameDemo\Win32\BIN-ATI\vc120.pdb'; linking object as if no debug info
     1>Utilities.lib(esUtil_win.obj) : warning LNK4099: PDB 'vc120.pdb' was not found with 'Utilities.lib(esUtil_win.obj)' or at 'F:\VVFrameWorkProject\GameFramework\Project\branches\SpriteEditor\GameDemo\Win32\BIN-ATI\vc120.pdb'; linking object as if no debug info
     1>Utilities.lib(Math.obj) : warning LNK4099: PDB 'vc120.pdb' was not found with 'Utilities.lib(Math.obj)' or at 'F:\VVFrameWorkProject\GameFramework\Project\branches\SpriteEditor\GameDemo\Win32\BIN-ATI\vc120.pdb'; linking object as if no debug info
     1>Utilities.lib(stdafx.obj) : warning LNK4099: PDB 'vc120.pdb' was not found with 'Utilities.lib(stdafx.obj)' or at 'F:\VVFrameWorkProject\GameFramework\Project\branches\SpriteEditor\GameDemo\Win32\BIN-ATI\vc120.pdb'; linking object as if no debug info
     1>Utilities.lib(TGA.obj) : warning LNK4099: PDB 'vc120.pdb' was not found with 'Utilities.lib(TGA.obj)' or at 'F:\VVFrameWorkProject\GameFramework\Project\branches\SpriteEditor\GameDemo\Win32\BIN-ATI\vc120.pdb'; linking object as if no debug info
     1>2DGameFramework.lib(AnimatedSprite.obj) : warning LNK4099: PDB 'vc120.pdb' was not found with '2DGameFramework.lib(AnimatedSprite.obj)' or at 'F:\VVFrameWorkProject\GameFramework\Project\branches\SpriteEditor\GameDemo\Win32\BIN-ATI\vc120.pdb'; linking object as if no debug info
     1>2DGameFramework.lib(AnimatedSpritePhysics.obj) : warning LNK4099: PDB 'vc120.pdb' was not found with '2DGameFramework.lib(AnimatedSpritePhysics.obj)' or at 'F:\VVFrameWorkProject\GameFramework\Project\branches\SpriteEditor\GameDemo\Win32\BIN-ATI\vc120.pdb'; linking object as if no debug info
     1>2DGameFramework.lib(BaseCamera.obj) : warning LNK4099: PDB 'vc120.pdb' was not found with '2DGameFramework.lib(BaseCamera.obj)' or at 'F:\VVFrameWorkProject\GameFramework\Project\branches\SpriteEditor\GameDemo\Win32\BIN-ATI\vc120.pdb'; linking object as if no debug info
     1>2DGameFramework.lib(Camera.obj) : warning LNK4099: PDB 'vc120.pdb' was not found with '2DGameFramework.lib(Camera.obj)' or at 'F:\VVFrameWorkProject\GameFramework\Project\branches\SpriteEditor\GameDemo\Win32\BIN-ATI\vc120.pdb'; linking object as if no debug info
     1>2DGameFramework.lib(Entity2D.obj) : warning LNK4099: PDB 'vc120.pdb' was not found with '2DGameFramework.lib(Entity2D.obj)' or at 'F:\VVFrameWorkProject\GameFramework\Project\branches\SpriteEditor\GameDemo\Win32\BIN-ATI\vc120.pdb'; linking object as if no debug info
     1>2DGameFramework.lib(EntityFactory.obj) : warning LNK4099: PDB 'vc120.pdb' was not found with '2DGameFramework.lib(EntityFactory.obj)' or at 'F:\VVFrameWorkProject\GameFramework\Project\branches\SpriteEditor\GameDemo\Win32\BIN-ATI\vc120.pdb'; linking object as if no debug info
     1>2DGameFramework.lib(FPSLimitter.obj) : warning LNK4099: PDB 'vc120.pdb' was not found with '2DGameFramework.lib(FPSLimitter.obj)' or at 'F:\VVFrameWorkProject\GameFramework\Project\branches\SpriteEditor\GameDemo\Win32\BIN-ATI\vc120.pdb'; linking object as if no debug info
     1>2DGameFramework.lib(Game.obj) : warning LNK4099: PDB 'vc120.pdb' was not found with '2DGameFramework.lib(Game.obj)' or at 'F:\VVFrameWorkProject\GameFramework\Project\branches\SpriteEditor\GameDemo\Win32\BIN-ATI\vc120.pdb'; linking object as if no debug info
     1>2DGameFramework.lib(Global.obj) : warning LNK4099: PDB 'vc120.pdb' was not found with '2DGameFramework.lib(Global.obj)' or at 'F:\VVFrameWorkProject\GameFramework\Project\branches\SpriteEditor\GameDemo\Win32\BIN-ATI\vc120.pdb'; linking object as if no debug info
     1>2DGameFramework.lib(InputHandler.obj) : warning LNK4099: PDB 'vc120.pdb' was not found with '2DGameFramework.lib(InputHandler.obj)' or at 'F:\VVFrameWorkProject\GameFramework\Project\branches\SpriteEditor\GameDemo\Win32\BIN-ATI\vc120.pdb'; linking object as if no debug info
     1>2DGameFramework.lib(Mesh2D.obj) : warning LNK4099: PDB 'vc120.pdb' was not found with '2DGameFramework.lib(Mesh2D.obj)' or at 'F:\VVFrameWorkProject\GameFramework\Project\branches\SpriteEditor\GameDemo\Win32\BIN-ATI\vc120.pdb'; linking object as if no debug info
     1>2DGameFramework.lib(Model2D.obj) : warning LNK4099: PDB 'vc120.pdb' was not found with '2DGameFramework.lib(Model2D.obj)' or at 'F:\VVFrameWorkProject\GameFramework\Project\branches\SpriteEditor\GameDemo\Win32\BIN-ATI\vc120.pdb'; linking object as if no debug info
     1>2DGameFramework.lib(RectangleMesh.obj) : warning LNK4099: PDB 'vc120.pdb' was not found with '2DGameFramework.lib(RectangleMesh.obj)' or at 'F:\VVFrameWorkProject\GameFramework\Project\branches\SpriteEditor\GameDemo\Win32\BIN-ATI\vc120.pdb'; linking object as if no debug info
     1>2DGameFramework.lib(Resource.obj) : warning LNK4099: PDB 'vc120.pdb' was not found with '2DGameFramework.lib(Resource.obj)' or at 'F:\VVFrameWorkProject\GameFramework\Project\branches\SpriteEditor\GameDemo\Win32\BIN-ATI\vc120.pdb'; linking object as if no debug info
     1>2DGameFramework.lib(ResourceManager.obj) : warning LNK4099: PDB 'vc120.pdb' was not found with '2DGameFramework.lib(ResourceManager.obj)' or at 'F:\VVFrameWorkProject\GameFramework\Project\branches\SpriteEditor\GameDemo\Win32\BIN-ATI\vc120.pdb'; linking object as if no debug info
     1>2DGameFramework.lib(Shader.obj) : warning LNK4099: PDB 'vc120.pdb' was not found with '2DGameFramework.lib(Shader.obj)' or at 'F:\VVFrameWorkProject\GameFramework\Project\branches\SpriteEditor\GameDemo\Win32\BIN-ATI\vc120.pdb'; linking object as if no debug info
     1>2DGameFramework.lib(SoundManager.obj) : warning LNK4099: PDB 'vc120.pdb' was not found with '2DGameFramework.lib(SoundManager.obj)' or at 'F:\VVFrameWorkProject\GameFramework\Project\branches\SpriteEditor\GameDemo\Win32\BIN-ATI\vc120.pdb'; linking object as if no debug info
     1>2DGameFramework.lib(Sprite.obj) : warning LNK4099: PDB 'vc120.pdb' was not found with '2DGameFramework.lib(Sprite.obj)' or at 'F:\VVFrameWorkProject\GameFramework\Project\branches\SpriteEditor\GameDemo\Win32\BIN-ATI\vc120.pdb'; linking object as if no debug info
     1>2DGameFramework.lib(State.obj) : warning LNK4099: PDB 'vc120.pdb' was not found with '2DGameFramework.lib(State.obj)' or at 'F:\VVFrameWorkProject\GameFramework\Project\branches\SpriteEditor\GameDemo\Win32\BIN-ATI\vc120.pdb'; linking object as if no debug info
     1>2DGameFramework.lib(StateConfig.obj) : warning LNK4099: PDB 'vc120.pdb' was not found with '2DGameFramework.lib(StateConfig.obj)' or at 'F:\VVFrameWorkProject\GameFramework\Project\branches\SpriteEditor\GameDemo\Win32\BIN-ATI\vc120.pdb'; linking object as if no debug info
     1>2DGameFramework.lib(StateManager.obj) : warning LNK4099: PDB 'vc120.pdb' was not found with '2DGameFramework.lib(StateManager.obj)' or at 'F:\VVFrameWorkProject\GameFramework\Project\branches\SpriteEditor\GameDemo\Win32\BIN-ATI\vc120.pdb'; linking object as if no debug info
     1>2DGameFramework.lib(TextRenderer.obj) : warning LNK4099: PDB 'vc120.pdb' was not found with '2DGameFramework.lib(TextRenderer.obj)' or at 'F:\VVFrameWorkProject\GameFramework\Project\branches\SpriteEditor\GameDemo\Win32\BIN-ATI\vc120.pdb'; linking object as if no debug info
     1>2DGameFramework.lib(Texture.obj) : warning LNK4099: PDB 'vc120.pdb' was not found with '2DGameFramework.lib(Texture.obj)' or at 'F:\VVFrameWorkProject\GameFramework\Project\branches\SpriteEditor\GameDemo\Win32\BIN-ATI\vc120.pdb'; linking object as if no debug info
     1>2DGameFramework.lib(Utils.obj) : warning LNK4099: PDB 'vc120.pdb' was not found with '2DGameFramework.lib(Utils.obj)' or at 'F:\VVFrameWorkProject\GameFramework\Project\branches\SpriteEditor\GameDemo\Win32\BIN-ATI\vc120.pdb'; linking object as if no debug info
     1>2DGameFramework.lib(b2WheelJoint.obj) : warning LNK4099: PDB 'box2d.pdb' was not found with '2DGameFramework.lib(b2WheelJoint.obj)' or at 'F:\VVFrameWorkProject\GameFramework\Project\branches\SpriteEditor\GameDemo\Win32\BIN-ATI\box2d.pdb'; linking object as if no debug info
     1>2DGameFramework.lib(b2WeldJoint.obj) : warning LNK4099: PDB 'box2d.pdb' was not found with '2DGameFramework.lib(b2WeldJoint.obj)' or at 'F:\VVFrameWorkProject\GameFramework\Project\branches\SpriteEditor\GameDemo\Win32\BIN-ATI\box2d.pdb'; linking object as if no debug info
     1>2DGameFramework.lib(b2RopeJoint.obj) : warning LNK4099: PDB 'box2d.pdb' was not found with '2DGameFramework.lib(b2RopeJoint.obj)' or at 'F:\VVFrameWorkProject\GameFramework\Project\branches\SpriteEditor\GameDemo\Win32\BIN-ATI\box2d.pdb'; linking object as if no debug info
     1>2DGameFramework.lib(b2RevoluteJoint.obj) : warning LNK4099: PDB 'box2d.pdb' was not found with '2DGameFramework.lib(b2RevoluteJoint.obj)' or at 'F:\VVFrameWorkProject\GameFramework\Project\branches\SpriteEditor\GameDemo\Win32\BIN-ATI\box2d.pdb'; linking object as if no debug info
     1>2DGameFramework.lib(b2PulleyJoint.obj) : warning LNK4099: PDB 'box2d.pdb' was not found with '2DGameFramework.lib(b2PulleyJoint.obj)' or at 'F:\VVFrameWorkProject\GameFramework\Project\branches\SpriteEditor\GameDemo\Win32\BIN-ATI\box2d.pdb'; linking object as if no debug info
     1>2DGameFramework.lib(b2PrismaticJoint.obj) : warning LNK4099: PDB 'box2d.pdb' was not found with '2DGameFramework.lib(b2PrismaticJoint.obj)' or at 'F:\VVFrameWorkProject\GameFramework\Project\branches\SpriteEditor\GameDemo\Win32\BIN-ATI\box2d.pdb'; linking object as if no debug info
     1>2DGameFramework.lib(b2MouseJoint.obj) : warning LNK4099: PDB 'box2d.pdb' was not found with '2DGameFramework.lib(b2MouseJoint.obj)' or at 'F:\VVFrameWorkProject\GameFramework\Project\branches\SpriteEditor\GameDemo\Win32\BIN-ATI\box2d.pdb'; linking object as if no debug info
     1>2DGameFramework.lib(b2MotorJoint.obj) : warning LNK4099: PDB 'box2d.pdb' was not found with '2DGameFramework.lib(b2MotorJoint.obj)' or at 'F:\VVFrameWorkProject\GameFramework\Project\branches\SpriteEditor\GameDemo\Win32\BIN-ATI\box2d.pdb'; linking object as if no debug info
     1>2DGameFramework.lib(b2Joint.obj) : warning LNK4099: PDB 'box2d.pdb' was not found with '2DGameFramework.lib(b2Joint.obj)' or at 'F:\VVFrameWorkProject\GameFramework\Project\branches\SpriteEditor\GameDemo\Win32\BIN-ATI\box2d.pdb'; linking object as if no debug info
     1>2DGameFramework.lib(b2GearJoint.obj) : warning LNK4099: PDB 'box2d.pdb' was not found with '2DGameFramework.lib(b2GearJoint.obj)' or at 'F:\VVFrameWorkProject\GameFramework\Project\branches\SpriteEditor\GameDemo\Win32\BIN-ATI\box2d.pdb'; linking object as if no debug info
     1>2DGameFramework.lib(b2FrictionJoint.obj) : warning LNK4099: PDB 'box2d.pdb' was not found with '2DGameFramework.lib(b2FrictionJoint.obj)' or at 'F:\VVFrameWorkProject\GameFramework\Project\branches\SpriteEditor\GameDemo\Win32\BIN-ATI\box2d.pdb'; linking object as if no debug info
     1>2DGameFramework.lib(b2DistanceJoint.obj) : warning LNK4099: PDB 'box2d.pdb' was not found with '2DGameFramework.lib(b2DistanceJoint.obj)' or at 'F:\VVFrameWorkProject\GameFramework\Project\branches\SpriteEditor\GameDemo\Win32\BIN-ATI\box2d.pdb'; linking object as if no debug info
     1>2DGameFramework.lib(b2PolygonContact.obj) : warning LNK4099: PDB 'box2d.pdb' was not found with '2DGameFramework.lib(b2PolygonContact.obj)' or at 'F:\VVFrameWorkProject\GameFramework\Project\branches\SpriteEditor\GameDemo\Win32\BIN-ATI\box2d.pdb'; linking object as if no debug info
     1>2DGameFramework.lib(b2PolygonAndCircleContact.obj) : warning LNK4099: PDB 'box2d.pdb' was not found with '2DGameFramework.lib(b2PolygonAndCircleContact.obj)' or at 'F:\VVFrameWorkProject\GameFramework\Project\branches\SpriteEditor\GameDemo\Win32\BIN-ATI\box2d.pdb'; linking object as if no debug info
     1>2DGameFramework.lib(b2EdgeAndPolygonContact.obj) : warning LNK4099: PDB 'box2d.pdb' was not found with '2DGameFramework.lib(b2EdgeAndPolygonContact.obj)' or at 'F:\VVFrameWorkProject\GameFramework\Project\branches\SpriteEditor\GameDemo\Win32\BIN-ATI\box2d.pdb'; linking object as if no debug info
     1>2DGameFramework.lib(b2EdgeAndCircleContact.obj) : warning LNK4099: PDB 'box2d.pdb' was not found with '2DGameFramework.lib(b2EdgeAndCircleContact.obj)' or at 'F:\VVFrameWorkProject\GameFramework\Project\branches\SpriteEditor\GameDemo\Win32\BIN-ATI\box2d.pdb'; linking object as if no debug info
     1>2DGameFramework.lib(b2ContactSolver.obj) : warning LNK4099: PDB 'box2d.pdb' was not found with '2DGameFramework.lib(b2ContactSolver.obj)' or at 'F:\VVFrameWorkProject\GameFramework\Project\branches\SpriteEditor\GameDemo\Win32\BIN-ATI\box2d.pdb'; linking object as if no debug info
     1>2DGameFramework.lib(b2Contact.obj) : warning LNK4099: PDB 'box2d.pdb' was not found with '2DGameFramework.lib(b2Contact.obj)' or at 'F:\VVFrameWorkProject\GameFramework\Project\branches\SpriteEditor\GameDemo\Win32\BIN-ATI\box2d.pdb'; linking object as if no debug info
     1>2DGameFramework.lib(b2CircleContact.obj) : warning LNK4099: PDB 'box2d.pdb' was not found with '2DGameFramework.lib(b2CircleContact.obj)' or at 'F:\VVFrameWorkProject\GameFramework\Project\branches\SpriteEditor\GameDemo\Win32\BIN-ATI\box2d.pdb'; linking object as if no debug info
     1>2DGameFramework.lib(b2ChainAndPolygonContact.obj) : warning LNK4099: PDB 'box2d.pdb' was not found with '2DGameFramework.lib(b2ChainAndPolygonContact.obj)' or at 'F:\VVFrameWorkProject\GameFramework\Project\branches\SpriteEditor\GameDemo\Win32\BIN-ATI\box2d.pdb'; linking object as if no debug info
     1>2DGameFramework.lib(b2ChainAndCircleContact.obj) : warning LNK4099: PDB 'box2d.pdb' was not found with '2DGameFramework.lib(b2ChainAndCircleContact.obj)' or at 'F:\VVFrameWorkProject\GameFramework\Project\branches\SpriteEditor\GameDemo\Win32\BIN-ATI\box2d.pdb'; linking object as if no debug info
     1>2DGameFramework.lib(b2WorldCallbacks.obj) : warning LNK4099: PDB 'box2d.pdb' was not found with '2DGameFramework.lib(b2WorldCallbacks.obj)' or at 'F:\VVFrameWorkProject\GameFramework\Project\branches\SpriteEditor\GameDemo\Win32\BIN-ATI\box2d.pdb'; linking object as if no debug info
     1>2DGameFramework.lib(b2World.obj) : warning LNK4099: PDB 'box2d.pdb' was not found with '2DGameFramework.lib(b2World.obj)' or at 'F:\VVFrameWorkProject\GameFramework\Project\branches\SpriteEditor\GameDemo\Win32\BIN-ATI\box2d.pdb'; linking object as if no debug info
     1>2DGameFramework.lib(b2Island.obj) : warning LNK4099: PDB 'box2d.pdb' was not found with '2DGameFramework.lib(b2Island.obj)' or at 'F:\VVFrameWorkProject\GameFramework\Project\branches\SpriteEditor\GameDemo\Win32\BIN-ATI\box2d.pdb'; linking object as if no debug info
     1>2DGameFramework.lib(b2Fixture.obj) : warning LNK4099: PDB 'box2d.pdb' was not found with '2DGameFramework.lib(b2Fixture.obj)' or at 'F:\VVFrameWorkProject\GameFramework\Project\branches\SpriteEditor\GameDemo\Win32\BIN-ATI\box2d.pdb'; linking object as if no debug info
     1>2DGameFramework.lib(b2ContactManager.obj) : warning LNK4099: PDB 'box2d.pdb' was not found with '2DGameFramework.lib(b2ContactManager.obj)' or at 'F:\VVFrameWorkProject\GameFramework\Project\branches\SpriteEditor\GameDemo\Win32\BIN-ATI\box2d.pdb'; linking object as if no debug info
     1>2DGameFramework.lib(b2Body.obj) : warning LNK4099: PDB 'box2d.pdb' was not found with '2DGameFramework.lib(b2Body.obj)' or at 'F:\VVFrameWorkProject\GameFramework\Project\branches\SpriteEditor\GameDemo\Win32\BIN-ATI\box2d.pdb'; linking object as if no debug info
     1>2DGameFramework.lib(b2Timer.obj) : warning LNK4099: PDB 'box2d.pdb' was not found with '2DGameFramework.lib(b2Timer.obj)' or at 'F:\VVFrameWorkProject\GameFramework\Project\branches\SpriteEditor\GameDemo\Win32\BIN-ATI\box2d.pdb'; linking object as if no debug info
     1>2DGameFramework.lib(b2StackAllocator.obj) : warning LNK4099: PDB 'box2d.pdb' was not found with '2DGameFramework.lib(b2StackAllocator.obj)' or at 'F:\VVFrameWorkProject\GameFramework\Project\branches\SpriteEditor\GameDemo\Win32\BIN-ATI\box2d.pdb'; linking object as if no debug info
     1>2DGameFramework.lib(b2Settings.obj) : warning LNK4099: PDB 'box2d.pdb' was not found with '2DGameFramework.lib(b2Settings.obj)' or at 'F:\VVFrameWorkProject\GameFramework\Project\branches\SpriteEditor\GameDemo\Win32\BIN-ATI\box2d.pdb'; linking object as if no debug info
     1>2DGameFramework.lib(b2Math.obj) : warning LNK4099: PDB 'box2d.pdb' was not found with '2DGameFramework.lib(b2Math.obj)' or at 'F:\VVFrameWorkProject\GameFramework\Project\branches\SpriteEditor\GameDemo\Win32\BIN-ATI\box2d.pdb'; linking object as if no debug info
     1>2DGameFramework.lib(b2Draw.obj) : warning LNK4099: PDB 'box2d.pdb' was not found with '2DGameFramework.lib(b2Draw.obj)' or at 'F:\VVFrameWorkProject\GameFramework\Project\branches\SpriteEditor\GameDemo\Win32\BIN-ATI\box2d.pdb'; linking object as if no debug info
     1>2DGameFramework.lib(b2BlockAllocator.obj) : warning LNK4099: PDB 'box2d.pdb' was not found with '2DGameFramework.lib(b2BlockAllocator.obj)' or at 'F:\VVFrameWorkProject\GameFramework\Project\branches\SpriteEditor\GameDemo\Win32\BIN-ATI\box2d.pdb'; linking object as if no debug info
     1>2DGameFramework.lib(b2PolygonShape.obj) : warning LNK4099: PDB 'box2d.pdb' was not found with '2DGameFramework.lib(b2PolygonShape.obj)' or at 'F:\VVFrameWorkProject\GameFramework\Project\branches\SpriteEditor\GameDemo\Win32\BIN-ATI\box2d.pdb'; linking object as if no debug info
     1>2DGameFramework.lib(b2EdgeShape.obj) : warning LNK4099: PDB 'box2d.pdb' was not found with '2DGameFramework.lib(b2EdgeShape.obj)' or at 'F:\VVFrameWorkProject\GameFramework\Project\branches\SpriteEditor\GameDemo\Win32\BIN-ATI\box2d.pdb'; linking object as if no debug info
     1>2DGameFramework.lib(b2CircleShape.obj) : warning LNK4099: PDB 'box2d.pdb' was not found with '2DGameFramework.lib(b2CircleShape.obj)' or at 'F:\VVFrameWorkProject\GameFramework\Project\branches\SpriteEditor\GameDemo\Win32\BIN-ATI\box2d.pdb'; linking object as if no debug info
     1>2DGameFramework.lib(b2ChainShape.obj) : warning LNK4099: PDB 'box2d.pdb' was not found with '2DGameFramework.lib(b2ChainShape.obj)' or at 'F:\VVFrameWorkProject\GameFramework\Project\branches\SpriteEditor\GameDemo\Win32\BIN-ATI\box2d.pdb'; linking object as if no debug info
     1>2DGameFramework.lib(b2TimeOfImpact.obj) : warning LNK4099: PDB 'box2d.pdb' was not found with '2DGameFramework.lib(b2TimeOfImpact.obj)' or at 'F:\VVFrameWorkProject\GameFramework\Project\branches\SpriteEditor\GameDemo\Win32\BIN-ATI\box2d.pdb'; linking object as if no debug info
     1>2DGameFramework.lib(b2DynamicTree.obj) : warning LNK4099: PDB 'box2d.pdb' was not found with '2DGameFramework.lib(b2DynamicTree.obj)' or at 'F:\VVFrameWorkProject\GameFramework\Project\branches\SpriteEditor\GameDemo\Win32\BIN-ATI\box2d.pdb'; linking object as if no debug info
     1>2DGameFramework.lib(b2Distance.obj) : warning LNK4099: PDB 'box2d.pdb' was not found with '2DGameFramework.lib(b2Distance.obj)' or at 'F:\VVFrameWorkProject\GameFramework\Project\branches\SpriteEditor\GameDemo\Win32\BIN-ATI\box2d.pdb'; linking object as if no debug info
     1>2DGameFramework.lib(b2Collision.obj) : warning LNK4099: PDB 'box2d.pdb' was not found with '2DGameFramework.lib(b2Collision.obj)' or at 'F:\VVFrameWorkProject\GameFramework\Project\branches\SpriteEditor\GameDemo\Win32\BIN-ATI\box2d.pdb'; linking object as if no debug info
     1>2DGameFramework.lib(b2CollidePolygon.obj) : warning LNK4099: PDB 'box2d.pdb' was not found with '2DGameFramework.lib(b2CollidePolygon.obj)' or at 'F:\VVFrameWorkProject\GameFramework\Project\branches\SpriteEditor\GameDemo\Win32\BIN-ATI\box2d.pdb'; linking object as if no debug info
     1>2DGameFramework.lib(b2CollideEdge.obj) : warning LNK4099: PDB 'box2d.pdb' was not found with '2DGameFramework.lib(b2CollideEdge.obj)' or at 'F:\VVFrameWorkProject\GameFramework\Project\branches\SpriteEditor\GameDemo\Win32\BIN-ATI\box2d.pdb'; linking object as if no debug info
     1>2DGameFramework.lib(b2CollideCircle.obj) : warning LNK4099: PDB 'box2d.pdb' was not found with '2DGameFramework.lib(b2CollideCircle.obj)' or at 'F:\VVFrameWorkProject\GameFramework\Project\branches\SpriteEditor\GameDemo\Win32\BIN-ATI\box2d.pdb'; linking object as if no debug info
     1>2DGameFramework.lib(b2BroadPhase.obj) : warning LNK4099: PDB 'box2d.pdb' was not found with '2DGameFramework.lib(b2BroadPhase.obj)' or at 'F:\VVFrameWorkProject\GameFramework\Project\branches\SpriteEditor\GameDemo\Win32\BIN-ATI\box2d.pdb'; linking object as if no debug info
     1>2DGameFramework.lib(winfnt.obj) : warning LNK4099: PDB 'vc120.pdb' was not found with '2DGameFramework.lib(winfnt.obj)' or at 'F:\VVFrameWorkProject\GameFramework\Project\branches\SpriteEditor\GameDemo\Win32\BIN-ATI\vc120.pdb'; linking object as if no debug info
     1>2DGameFramework.lib(type42.obj) : warning LNK4099: PDB 'vc120.pdb' was not found with '2DGameFramework.lib(type42.obj)' or at 'F:\VVFrameWorkProject\GameFramework\Project\branches\SpriteEditor\GameDemo\Win32\BIN-ATI\vc120.pdb'; linking object as if no debug info
     1>2DGameFramework.lib(type1cid.obj) : warning LNK4099: PDB 'vc120.pdb' was not found with '2DGameFramework.lib(type1cid.obj)' or at 'F:\VVFrameWorkProject\GameFramework\Project\branches\SpriteEditor\GameDemo\Win32\BIN-ATI\vc120.pdb'; linking object as if no debug info
     1>2DGameFramework.lib(type1.obj) : warning LNK4099: PDB 'vc120.pdb' was not found with '2DGameFramework.lib(type1.obj)' or at 'F:\VVFrameWorkProject\GameFramework\Project\branches\SpriteEditor\GameDemo\Win32\BIN-ATI\vc120.pdb'; linking object as if no debug info
     1>2DGameFramework.lib(truetype.obj) : warning LNK4099: PDB 'vc120.pdb' was not found with '2DGameFramework.lib(truetype.obj)' or at 'F:\VVFrameWorkProject\GameFramework\Project\branches\SpriteEditor\GameDemo\Win32\BIN-ATI\vc120.pdb'; linking object as if no debug info
     1>2DGameFramework.lib(sfnt.obj) : warning LNK4099: PDB 'vc120.pdb' was not found with '2DGameFramework.lib(sfnt.obj)' or at 'F:\VVFrameWorkProject\GameFramework\Project\branches\SpriteEditor\GameDemo\Win32\BIN-ATI\vc120.pdb'; linking object as if no debug info
     1>2DGameFramework.lib(raster.obj) : warning LNK4099: PDB 'vc120.pdb' was not found with '2DGameFramework.lib(raster.obj)' or at 'F:\VVFrameWorkProject\GameFramework\Project\branches\SpriteEditor\GameDemo\Win32\BIN-ATI\vc120.pdb'; linking object as if no debug info
     1>2DGameFramework.lib(psmodule.obj) : warning LNK4099: PDB 'vc120.pdb' was not found with '2DGameFramework.lib(psmodule.obj)' or at 'F:\VVFrameWorkProject\GameFramework\Project\branches\SpriteEditor\GameDemo\Win32\BIN-ATI\vc120.pdb'; linking object as if no debug info
     1>2DGameFramework.lib(pshinter.obj) : warning LNK4099: PDB 'vc120.pdb' was not found with '2DGameFramework.lib(pshinter.obj)' or at 'F:\VVFrameWorkProject\GameFramework\Project\branches\SpriteEditor\GameDemo\Win32\BIN-ATI\vc120.pdb'; linking object as if no debug info
     1>2DGameFramework.lib(psaux.obj) : warning LNK4099: PDB 'vc120.pdb' was not found with '2DGameFramework.lib(psaux.obj)' or at 'F:\VVFrameWorkProject\GameFramework\Project\branches\SpriteEditor\GameDemo\Win32\BIN-ATI\vc120.pdb'; linking object as if no debug info
     1>2DGameFramework.lib(pfr.obj) : warning LNK4099: PDB 'vc120.pdb' was not found with '2DGameFramework.lib(pfr.obj)' or at 'F:\VVFrameWorkProject\GameFramework\Project\branches\SpriteEditor\GameDemo\Win32\BIN-ATI\vc120.pdb'; linking object as if no debug info
     1>2DGameFramework.lib(pcf.obj) : warning LNK4099: PDB 'vc120.pdb' was not found with '2DGameFramework.lib(pcf.obj)' or at 'F:\VVFrameWorkProject\GameFramework\Project\branches\SpriteEditor\GameDemo\Win32\BIN-ATI\vc120.pdb'; linking object as if no debug info
     1>2DGameFramework.lib(smooth.obj) : warning LNK4099: PDB 'vc120.pdb' was not found with '2DGameFramework.lib(smooth.obj)' or at 'F:\VVFrameWorkProject\GameFramework\Project\branches\SpriteEditor\GameDemo\Win32\BIN-ATI\vc120.pdb'; linking object as if no debug info
     1>2DGameFramework.lib(ftsystem.obj) : warning LNK4099: PDB 'vc120.pdb' was not found with '2DGameFramework.lib(ftsystem.obj)' or at 'F:\VVFrameWorkProject\GameFramework\Project\branches\SpriteEditor\GameDemo\Win32\BIN-ATI\vc120.pdb'; linking object as if no debug info
     1>2DGameFramework.lib(ftlzw.obj) : warning LNK4099: PDB 'vc120.pdb' was not found with '2DGameFramework.lib(ftlzw.obj)' or at 'F:\VVFrameWorkProject\GameFramework\Project\branches\SpriteEditor\GameDemo\Win32\BIN-ATI\vc120.pdb'; linking object as if no debug info
     1>2DGameFramework.lib(ftinit.obj) : warning LNK4099: PDB 'vc120.pdb' was not found with '2DGameFramework.lib(ftinit.obj)' or at 'F:\VVFrameWorkProject\GameFramework\Project\branches\SpriteEditor\GameDemo\Win32\BIN-ATI\vc120.pdb'; linking object as if no debug info
     1>2DGameFramework.lib(ftgzip.obj) : warning LNK4099: PDB 'vc120.pdb' was not found with '2DGameFramework.lib(ftgzip.obj)' or at 'F:\VVFrameWorkProject\GameFramework\Project\branches\SpriteEditor\GameDemo\Win32\BIN-ATI\vc120.pdb'; linking object as if no debug info
     1>2DGameFramework.lib(ftdebug.obj) : warning LNK4099: PDB 'vc120.pdb' was not found with '2DGameFramework.lib(ftdebug.obj)' or at 'F:\VVFrameWorkProject\GameFramework\Project\branches\SpriteEditor\GameDemo\Win32\BIN-ATI\vc120.pdb'; linking object as if no debug info
     1>2DGameFramework.lib(ftbitmap.obj) : warning LNK4099: PDB 'vc120.pdb' was not found with '2DGameFramework.lib(ftbitmap.obj)' or at 'F:\VVFrameWorkProject\GameFramework\Project\branches\SpriteEditor\GameDemo\Win32\BIN-ATI\vc120.pdb'; linking object as if no debug info
     1>2DGameFramework.lib(ftbase.obj) : warning LNK4099: PDB 'vc120.pdb' was not found with '2DGameFramework.lib(ftbase.obj)' or at 'F:\VVFrameWorkProject\GameFramework\Project\branches\SpriteEditor\GameDemo\Win32\BIN-ATI\vc120.pdb'; linking object as if no debug info
     1>2DGameFramework.lib(cff.obj) : warning LNK4099: PDB 'vc120.pdb' was not found with '2DGameFramework.lib(cff.obj)' or at 'F:\VVFrameWorkProject\GameFramework\Project\branches\SpriteEditor\GameDemo\Win32\BIN-ATI\vc120.pdb'; linking object as if no debug info
     1>2DGameFramework.lib(bdf.obj) : warning LNK4099: PDB 'vc120.pdb' was not found with '2DGameFramework.lib(bdf.obj)' or at 'F:\VVFrameWorkProject\GameFramework\Project\branches\SpriteEditor\GameDemo\Win32\BIN-ATI\vc120.pdb'; linking object as if no debug info
     1>2DGameFramework.lib(autofit.obj) : warning LNK4099: PDB 'vc120.pdb' was not found with '2DGameFramework.lib(autofit.obj)' or at 'F:\VVFrameWorkProject\GameFramework\Project\branches\SpriteEditor\GameDemo\Win32\BIN-ATI\vc120.pdb'; linking object as if no debug info
         Game2DDemo.vcxproj -> F:\VVFrameWorkProject\GameFramework\Project\branches\SpriteEditor\GameDemo\Win32\\BIN-ATI\Game.dll
     1>Done Building Project "F:\VVFrameWorkProject\GameFramework\Project\branches\SpriteEditor\GameDemo\Win32\Game2DDemo\Game2DDemo.vcxproj" (Build target(s)).

Build succeeded.

Time Elapsed 00:00:03.41
