g:\hoc tap\nam 4\gameclub\project\2dgameframework - svn\2dgameframework\debug\vc120.pdb
g:\hoc tap\nam 4\gameclub\project\2dgameframework - svn\2dgameframework\debug\vc120.idb
g:\hoc tap\nam 4\gameclub\project\2dgameframework - svn\2dgameframework\debug\game.obj
g:\hoc tap\nam 4\gameclub\project\2dgameframework - svn\2dgameframework\debug\global.obj
g:\hoc tap\nam 4\gameclub\project\2dgameframework - svn\2dgameframework\debug\inputhandler.obj
g:\hoc tap\nam 4\gameclub\project\2dgameframework - svn\2dgameframework\debug\lookatcamera.obj
g:\hoc tap\nam 4\gameclub\project\2dgameframework - svn\2dgameframework\debug\main.obj
g:\hoc tap\nam 4\gameclub\project\2dgameframework - svn\2dgameframework\debug\mesh2d.obj
g:\hoc tap\nam 4\gameclub\project\2dgameframework - svn\2dgameframework\debug\model2d.obj
g:\hoc tap\nam 4\gameclub\project\2dgameframework - svn\2dgameframework\debug\pathfinder.obj
g:\hoc tap\nam 4\gameclub\project\2dgameframework - svn\2dgameframework\debug\rectanglemesh.obj
g:\hoc tap\nam 4\gameclub\project\2dgameframework - svn\2dgameframework\debug\resource.obj
g:\hoc tap\nam 4\gameclub\project\2dgameframework - svn\2dgameframework\debug\resourcemanager.obj
g:\hoc tap\nam 4\gameclub\project\2dgameframework - svn\2dgameframework\debug\shader.obj
g:\hoc tap\nam 4\gameclub\project\2dgameframework - svn\2dgameframework\debug\soundmanager.obj
g:\hoc tap\nam 4\gameclub\project\2dgameframework - svn\2dgameframework\debug\sprite.obj
g:\hoc tap\nam 4\gameclub\project\2dgameframework - svn\2dgameframework\debug\state.obj
g:\hoc tap\nam 4\gameclub\project\2dgameframework - svn\2dgameframework\debug\stateconfig.obj
g:\hoc tap\nam 4\gameclub\project\2dgameframework - svn\2dgameframework\debug\statemanager.obj
g:\hoc tap\nam 4\gameclub\project\2dgameframework - svn\2dgameframework\debug\textrenderer.obj
g:\hoc tap\nam 4\gameclub\project\2dgameframework - svn\2dgameframework\debug\texture.obj
g:\hoc tap\nam 4\gameclub\project\2dgameframework - svn\2dgameframework\debug\utils.obj
g:\hoc tap\nam 4\gameclub\project\2dgameframework - svn\2dgameframework\debug\animatedsprite.obj
g:\hoc tap\nam 4\gameclub\project\2dgameframework - svn\2dgameframework\debug\animatedspritephysics.obj
g:\hoc tap\nam 4\gameclub\project\2dgameframework - svn\2dgameframework\debug\basecamera.obj
g:\hoc tap\nam 4\gameclub\project\2dgameframework - svn\2dgameframework\debug\camera.obj
g:\hoc tap\nam 4\gameclub\project\2dgameframework - svn\2dgameframework\debug\entity2d.obj
g:\hoc tap\nam 4\gameclub\project\2dgameframework - svn\2dgameframework\debug\entityfactory.obj
g:\hoc tap\nam 4\gameclub\project\2dgameframework - svn\2dgameframework\debug\fpslimitter.obj
g:\hoc tap\nam 4\gameclub\project\2dgameframework[foreditor]\bin\2dgameframework.lib
g:\hoc tap\nam 4\gameclub\project\2dgameframework[foreditor]\\bin\2dgameframework.lib
g:\hoc tap\nam 4\gameclub\project\2dgameframework - svn\2dgameframework\debug\2dgameframework.tlog\cl.command.1.tlog
g:\hoc tap\nam 4\gameclub\project\2dgameframework - svn\2dgameframework\debug\2dgameframework.tlog\cl.read.1.tlog
g:\hoc tap\nam 4\gameclub\project\2dgameframework - svn\2dgameframework\debug\2dgameframework.tlog\cl.write.1.tlog
g:\hoc tap\nam 4\gameclub\project\2dgameframework - svn\2dgameframework\debug\2dgameframework.tlog\lib-link.4940.read.1.tlog
g:\hoc tap\nam 4\gameclub\project\2dgameframework - svn\2dgameframework\debug\2dgameframework.tlog\lib-link.4940.write.1.tlog
g:\hoc tap\nam 4\gameclub\project\2dgameframework - svn\2dgameframework\debug\2dgameframework.tlog\lib.command.1.tlog
