e:\backup\study\3dproject\directx11-winphone\2dgameframework - build cross-platform\2dgameframework - windowphone\2dgameframework\debug\pathfinder.obj
e:\backup\study\3dproject\directx11-winphone\2dgameframework - build cross-platform\2dgameframework - windowphone\2dgameframework\debug\basecamera.obj
e:\backup\study\3dproject\directx11-winphone\2dgameframework - build cross-platform\2dgameframework - windowphone\2dgameframework\debug\direct3dbase.obj
e:\backup\study\3dproject\directx11-winphone\2dgameframework - build cross-platform\2dgameframework - windowphone\2dgameframework\debug\lookatcamera.obj
e:\backup\study\3dproject\directx11-winphone\2dgameframework - build cross-platform\2dgameframework - windowphone\2dgameframework\debug\resource.obj
e:\backup\study\3dproject\directx11-winphone\2dgameframework - build cross-platform\2dgameframework - windowphone\2dgameframework\debug\camera.obj
e:\backup\study\3dproject\directx11-winphone\2dgameframework - build cross-platform\2dgameframework - windowphone\2dgameframework\debug\dds.obj
e:\backup\study\3dproject\directx11-winphone\2dgameframework - build cross-platform\2dgameframework - windowphone\2dgameframework\debug\loader.obj
e:\backup\study\3dproject\directx11-winphone\2dgameframework - build cross-platform\2dgameframework - windowphone\2dgameframework\debug\shader.obj
e:\backup\study\3dproject\directx11-winphone\2dgameframework - build cross-platform\2dgameframework - windowphone\2dgameframework\debug\fpslimitter.obj
e:\backup\study\3dproject\directx11-winphone\2dgameframework - build cross-platform\2dgameframework - windowphone\2dgameframework\debug\renderer.obj
e:\backup\study\3dproject\directx11-winphone\2dgameframework - build cross-platform\2dgameframework - windowphone\2dgameframework\debug\textrenderer.obj
e:\backup\study\3dproject\directx11-winphone\2dgameframework - build cross-platform\2dgameframework - windowphone\2dgameframework\debug\main.obj
e:\backup\study\3dproject\directx11-winphone\2dgameframework - build cross-platform\2dgameframework - windowphone\2dgameframework\debug\entityfactory.obj
e:\backup\study\3dproject\directx11-winphone\2dgameframework - build cross-platform\2dgameframework - windowphone\2dgameframework\debug\inputhandler.obj
e:\backup\study\3dproject\directx11-winphone\2dgameframework - build cross-platform\2dgameframework - windowphone\2dgameframework\debug\resourcemanager.obj
e:\backup\study\3dproject\directx11-winphone\2dgameframework - build cross-platform\2dgameframework - windowphone\2dgameframework\debug\state.obj
e:\backup\study\3dproject\directx11-winphone\2dgameframework - build cross-platform\2dgameframework - windowphone\2dgameframework\debug\texture.obj
e:\backup\study\3dproject\directx11-winphone\2dgameframework - build cross-platform\2dgameframework - windowphone\2dgameframework\debug\animatedspritephysics.obj
e:\backup\study\3dproject\directx11-winphone\2dgameframework - build cross-platform\2dgameframework - windowphone\2dgameframework\debug\soundmanager.obj
e:\backup\study\3dproject\directx11-winphone\2dgameframework - build cross-platform\2dgameframework - windowphone\2dgameframework\debug\statemanager.obj
e:\backup\study\3dproject\directx11-winphone\2dgameframework - build cross-platform\2dgameframework - windowphone\2dgameframework\debug\animatedsprite.obj
e:\backup\study\3dproject\directx11-winphone\2dgameframework - build cross-platform\2dgameframework - windowphone\2dgameframework\debug\game.obj
e:\backup\study\3dproject\directx11-winphone\2dgameframework - build cross-platform\2dgameframework - windowphone\2dgameframework\debug\model2d.obj
e:\backup\study\3dproject\directx11-winphone\2dgameframework - build cross-platform\2dgameframework - windowphone\2dgameframework\debug\sprite.obj
e:\backup\study\3dproject\directx11-winphone\2dgameframework - build cross-platform\2dgameframework - windowphone\2dgameframework\debug\entity2d.obj
e:\backup\study\3dproject\directx11-winphone\2dgameframework - build cross-platform\2dgameframework - windowphone\2dgameframework\debug\global.obj
e:\backup\study\3dproject\directx11-winphone\2dgameframework - build cross-platform\2dgameframework - windowphone\2dgameframework\debug\mesh2d.obj
e:\backup\study\3dproject\directx11-winphone\2dgameframework - build cross-platform\2dgameframework - windowphone\2dgameframework\debug\rectanglemesh.obj
e:\backup\study\3dproject\directx11-winphone\2dgameframework - build cross-platform\2dgameframework - windowphone\2dgameframework\debug\stateconfig.obj
e:\backup\study\3dproject\directx11-winphone\2dgameframework - build cross-platform\2dgameframework - windowphone\2dgameframework\debug\utils.obj
e:\backup\study\3dproject\directx11-winphone\2dgameframework - build cross-platform\2dgameframework - windowphone\2dgameframework\debug\vc110.pdb
e:\backup\study\3dproject\directx11-winphone\2dgameframework - build cross-platform\2dgameframework - windowphone\bin\2dgameframework.lib
e:\backup\study\3dproject\directx11-winphone\2dgameframework - build cross-platform\2dgameframework - windowphone\2dgameframework\debug\2dgameframework.vcxprojresolveassemblyreference.cache
e:\backup\study\3dproject\directx11-winphone\2dgameframework - build cross-platform\2dgameframework - windowphone\2dgameframework\debug\cl.1324.read.1.tlog
e:\backup\study\3dproject\directx11-winphone\2dgameframework - build cross-platform\2dgameframework - windowphone\2dgameframework\debug\cl.1324.write.1.tlog
e:\backup\study\3dproject\directx11-winphone\2dgameframework - build cross-platform\2dgameframework - windowphone\2dgameframework\debug\cl.1516.read.1.tlog
e:\backup\study\3dproject\directx11-winphone\2dgameframework - build cross-platform\2dgameframework - windowphone\2dgameframework\debug\cl.1516.write.1.tlog
e:\backup\study\3dproject\directx11-winphone\2dgameframework - build cross-platform\2dgameframework - windowphone\2dgameframework\debug\cl.1728.read.1.tlog
e:\backup\study\3dproject\directx11-winphone\2dgameframework - build cross-platform\2dgameframework - windowphone\2dgameframework\debug\cl.1728.write.1.tlog
e:\backup\study\3dproject\directx11-winphone\2dgameframework - build cross-platform\2dgameframework - windowphone\2dgameframework\debug\cl.2244.read.1.tlog
e:\backup\study\3dproject\directx11-winphone\2dgameframework - build cross-platform\2dgameframework - windowphone\2dgameframework\debug\cl.2244.write.1.tlog
e:\backup\study\3dproject\directx11-winphone\2dgameframework - build cross-platform\2dgameframework - windowphone\2dgameframework\debug\cl.2352.read.1.tlog
e:\backup\study\3dproject\directx11-winphone\2dgameframework - build cross-platform\2dgameframework - windowphone\2dgameframework\debug\cl.2352.write.1.tlog
e:\backup\study\3dproject\directx11-winphone\2dgameframework - build cross-platform\2dgameframework - windowphone\2dgameframework\debug\cl.2432.read.1.tlog
e:\backup\study\3dproject\directx11-winphone\2dgameframework - build cross-platform\2dgameframework - windowphone\2dgameframework\debug\cl.2432.write.1.tlog
e:\backup\study\3dproject\directx11-winphone\2dgameframework - build cross-platform\2dgameframework - windowphone\2dgameframework\debug\cl.2508.read.1.tlog
e:\backup\study\3dproject\directx11-winphone\2dgameframework - build cross-platform\2dgameframework - windowphone\2dgameframework\debug\cl.2508.write.1.tlog
e:\backup\study\3dproject\directx11-winphone\2dgameframework - build cross-platform\2dgameframework - windowphone\2dgameframework\debug\cl.256.read.1.tlog
e:\backup\study\3dproject\directx11-winphone\2dgameframework - build cross-platform\2dgameframework - windowphone\2dgameframework\debug\cl.256.write.1.tlog
e:\backup\study\3dproject\directx11-winphone\2dgameframework - build cross-platform\2dgameframework - windowphone\2dgameframework\debug\cl.2956.read.1.tlog
e:\backup\study\3dproject\directx11-winphone\2dgameframework - build cross-platform\2dgameframework - windowphone\2dgameframework\debug\cl.2956.write.1.tlog
e:\backup\study\3dproject\directx11-winphone\2dgameframework - build cross-platform\2dgameframework - windowphone\2dgameframework\debug\cl.3332.read.1.tlog
e:\backup\study\3dproject\directx11-winphone\2dgameframework - build cross-platform\2dgameframework - windowphone\2dgameframework\debug\cl.3332.write.1.tlog
e:\backup\study\3dproject\directx11-winphone\2dgameframework - build cross-platform\2dgameframework - windowphone\2dgameframework\debug\cl.3720.read.1.tlog
e:\backup\study\3dproject\directx11-winphone\2dgameframework - build cross-platform\2dgameframework - windowphone\2dgameframework\debug\cl.3720.write.1.tlog
e:\backup\study\3dproject\directx11-winphone\2dgameframework - build cross-platform\2dgameframework - windowphone\2dgameframework\debug\cl.4532.read.1.tlog
e:\backup\study\3dproject\directx11-winphone\2dgameframework - build cross-platform\2dgameframework - windowphone\2dgameframework\debug\cl.4532.write.1.tlog
e:\backup\study\3dproject\directx11-winphone\2dgameframework - build cross-platform\2dgameframework - windowphone\2dgameframework\debug\cl.4608.read.1.tlog
e:\backup\study\3dproject\directx11-winphone\2dgameframework - build cross-platform\2dgameframework - windowphone\2dgameframework\debug\cl.4608.write.1.tlog
e:\backup\study\3dproject\directx11-winphone\2dgameframework - build cross-platform\2dgameframework - windowphone\2dgameframework\debug\cl.4736.read.1.tlog
e:\backup\study\3dproject\directx11-winphone\2dgameframework - build cross-platform\2dgameframework - windowphone\2dgameframework\debug\cl.4736.write.1.tlog
e:\backup\study\3dproject\directx11-winphone\2dgameframework - build cross-platform\2dgameframework - windowphone\2dgameframework\debug\cl.4804.read.1.tlog
e:\backup\study\3dproject\directx11-winphone\2dgameframework - build cross-platform\2dgameframework - windowphone\2dgameframework\debug\cl.4804.write.1.tlog
e:\backup\study\3dproject\directx11-winphone\2dgameframework - build cross-platform\2dgameframework - windowphone\2dgameframework\debug\cl.5156.read.1.tlog
e:\backup\study\3dproject\directx11-winphone\2dgameframework - build cross-platform\2dgameframework - windowphone\2dgameframework\debug\cl.5156.write.1.tlog
e:\backup\study\3dproject\directx11-winphone\2dgameframework - build cross-platform\2dgameframework - windowphone\2dgameframework\debug\cl.5188.read.1.tlog
e:\backup\study\3dproject\directx11-winphone\2dgameframework - build cross-platform\2dgameframework - windowphone\2dgameframework\debug\cl.5188.write.1.tlog
e:\backup\study\3dproject\directx11-winphone\2dgameframework - build cross-platform\2dgameframework - windowphone\2dgameframework\debug\cl.5516.read.1.tlog
e:\backup\study\3dproject\directx11-winphone\2dgameframework - build cross-platform\2dgameframework - windowphone\2dgameframework\debug\cl.5516.write.1.tlog
e:\backup\study\3dproject\directx11-winphone\2dgameframework - build cross-platform\2dgameframework - windowphone\2dgameframework\debug\cl.5644.read.1.tlog
e:\backup\study\3dproject\directx11-winphone\2dgameframework - build cross-platform\2dgameframework - windowphone\2dgameframework\debug\cl.5644.write.1.tlog
e:\backup\study\3dproject\directx11-winphone\2dgameframework - build cross-platform\2dgameframework - windowphone\2dgameframework\debug\cl.5712.read.1.tlog
e:\backup\study\3dproject\directx11-winphone\2dgameframework - build cross-platform\2dgameframework - windowphone\2dgameframework\debug\cl.5712.write.1.tlog
e:\backup\study\3dproject\directx11-winphone\2dgameframework - build cross-platform\2dgameframework - windowphone\2dgameframework\debug\cl.5928.read.1.tlog
e:\backup\study\3dproject\directx11-winphone\2dgameframework - build cross-platform\2dgameframework - windowphone\2dgameframework\debug\cl.5928.write.1.tlog
e:\backup\study\3dproject\directx11-winphone\2dgameframework - build cross-platform\2dgameframework - windowphone\2dgameframework\debug\cl.6024.read.1.tlog
e:\backup\study\3dproject\directx11-winphone\2dgameframework - build cross-platform\2dgameframework - windowphone\2dgameframework\debug\cl.6024.write.1.tlog
e:\backup\study\3dproject\directx11-winphone\2dgameframework - build cross-platform\2dgameframework - windowphone\2dgameframework\debug\cl.6188.read.1.tlog
e:\backup\study\3dproject\directx11-winphone\2dgameframework - build cross-platform\2dgameframework - windowphone\2dgameframework\debug\cl.6188.write.1.tlog
e:\backup\study\3dproject\directx11-winphone\2dgameframework - build cross-platform\2dgameframework - windowphone\2dgameframework\debug\cl.6272.read.1.tlog
e:\backup\study\3dproject\directx11-winphone\2dgameframework - build cross-platform\2dgameframework - windowphone\2dgameframework\debug\cl.6272.write.1.tlog
e:\backup\study\3dproject\directx11-winphone\2dgameframework - build cross-platform\2dgameframework - windowphone\2dgameframework\debug\cl.6380.read.1.tlog
e:\backup\study\3dproject\directx11-winphone\2dgameframework - build cross-platform\2dgameframework - windowphone\2dgameframework\debug\cl.6380.write.1.tlog
e:\backup\study\3dproject\directx11-winphone\2dgameframework - build cross-platform\2dgameframework - windowphone\2dgameframework\debug\cl.6592.read.1.tlog
e:\backup\study\3dproject\directx11-winphone\2dgameframework - build cross-platform\2dgameframework - windowphone\2dgameframework\debug\cl.6592.write.1.tlog
e:\backup\study\3dproject\directx11-winphone\2dgameframework - build cross-platform\2dgameframework - windowphone\2dgameframework\debug\cl.6632.read.1.tlog
e:\backup\study\3dproject\directx11-winphone\2dgameframework - build cross-platform\2dgameframework - windowphone\2dgameframework\debug\cl.6632.write.1.tlog
e:\backup\study\3dproject\directx11-winphone\2dgameframework - build cross-platform\2dgameframework - windowphone\2dgameframework\debug\cl.664.read.1.tlog
e:\backup\study\3dproject\directx11-winphone\2dgameframework - build cross-platform\2dgameframework - windowphone\2dgameframework\debug\cl.664.write.1.tlog
e:\backup\study\3dproject\directx11-winphone\2dgameframework - build cross-platform\2dgameframework - windowphone\2dgameframework\debug\cl.6760.read.1.tlog
e:\backup\study\3dproject\directx11-winphone\2dgameframework - build cross-platform\2dgameframework - windowphone\2dgameframework\debug\cl.6760.write.1.tlog
e:\backup\study\3dproject\directx11-winphone\2dgameframework - build cross-platform\2dgameframework - windowphone\2dgameframework\debug\cl.6880.read.1.tlog
e:\backup\study\3dproject\directx11-winphone\2dgameframework - build cross-platform\2dgameframework - windowphone\2dgameframework\debug\cl.6880.write.1.tlog
e:\backup\study\3dproject\directx11-winphone\2dgameframework - build cross-platform\2dgameframework - windowphone\2dgameframework\debug\cl.7132.read.1.tlog
e:\backup\study\3dproject\directx11-winphone\2dgameframework - build cross-platform\2dgameframework - windowphone\2dgameframework\debug\cl.7132.write.1.tlog
e:\backup\study\3dproject\directx11-winphone\2dgameframework - build cross-platform\2dgameframework - windowphone\2dgameframework\debug\cl.7144.read.1.tlog
e:\backup\study\3dproject\directx11-winphone\2dgameframework - build cross-platform\2dgameframework - windowphone\2dgameframework\debug\cl.7144.write.1.tlog
e:\backup\study\3dproject\directx11-winphone\2dgameframework - build cross-platform\2dgameframework - windowphone\2dgameframework\debug\cl.716.read.1.tlog
e:\backup\study\3dproject\directx11-winphone\2dgameframework - build cross-platform\2dgameframework - windowphone\2dgameframework\debug\cl.716.write.1.tlog
e:\backup\study\3dproject\directx11-winphone\2dgameframework - build cross-platform\2dgameframework - windowphone\2dgameframework\debug\cl.7900.read.1.tlog
e:\backup\study\3dproject\directx11-winphone\2dgameframework - build cross-platform\2dgameframework - windowphone\2dgameframework\debug\cl.7900.write.1.tlog
e:\backup\study\3dproject\directx11-winphone\2dgameframework - build cross-platform\2dgameframework - windowphone\2dgameframework\debug\cl.8172.read.1.tlog
e:\backup\study\3dproject\directx11-winphone\2dgameframework - build cross-platform\2dgameframework - windowphone\2dgameframework\debug\cl.8172.write.1.tlog
e:\backup\study\3dproject\directx11-winphone\2dgameframework - build cross-platform\2dgameframework - windowphone\2dgameframework\debug\cl.8176.read.1.tlog
e:\backup\study\3dproject\directx11-winphone\2dgameframework - build cross-platform\2dgameframework - windowphone\2dgameframework\debug\cl.8176.write.1.tlog
e:\backup\study\3dproject\directx11-winphone\2dgameframework - build cross-platform\2dgameframework - windowphone\2dgameframework\debug\cl.command.1.tlog
e:\backup\study\3dproject\directx11-winphone\2dgameframework - build cross-platform\2dgameframework - windowphone\2dgameframework\debug\cl.read.1.tlog
e:\backup\study\3dproject\directx11-winphone\2dgameframework - build cross-platform\2dgameframework - windowphone\2dgameframework\debug\cl.write.1.tlog
e:\backup\study\3dproject\directx11-winphone\2dgameframework - build cross-platform\2dgameframework - windowphone\2dgameframework\debug\lib-link.read.1.tlog
e:\backup\study\3dproject\directx11-winphone\2dgameframework - build cross-platform\2dgameframework - windowphone\2dgameframework\debug\lib-link.write.1.tlog
e:\backup\study\3dproject\directx11-winphone\2dgameframework - build cross-platform\2dgameframework - windowphone\2dgameframework\debug\lib.command.1.tlog
e:\backup\study\3dproject\directx11-winphone\2dgameframework - build cross-platform\2dgameframework - windowphone\2dgameframework\debug\vc110.idb
e:\backup\study\3dproject\directx11-winphone\2dgameframework - build cross-platform\2dgameframework - windowphone\\bin\2dgameframework.lib
