Build started 2/1/2015 7:27:03 PM.
     1>Project "E:\Backup\Study\3DProject\DirectX11-WinPhone\2DGameFramework - Build Cross-platform\2DGameFramework - WindowPhone\2DGameFramework\2DGameFramework.vcxproj" on node 2 (Build target(s)).
     1>ClCompile:
         G:\Microsoft Visual Studio 11.0\VC\WPSDK\WP80\bin\CL.exe /c /I"E:\Backup\Study\3DProject\DirectX11-WinPhone\2DGameFramework - Build Cross-platform\2DGameFramework - WindowPhone\2DGameFramework\\" /IDebug\ /I"E:\Backup\Study\3DProject\DirectX11-WinPhone\2DGameFramework - Build Cross-platform\2DGameFramework - WindowPhone\\Include\Box2D" /I"E:\Backup\Study\3DProject\DirectX11-WinPhone\2DGameFramework - Build Cross-platform\2DGameFramework - WindowPhone\\include\Sound\AudioAl" /I"E:\Backup\Study\3DProject\DirectX11-WinPhone\2DGameFramework - Build Cross-platform\2DGameFramework - WindowPhone\\include\Sound\Window8" /I"E:\Backup\Study\3DProject\DirectX11-WinPhone\2DGameFramework - Build Cross-platform\2DGameFramework - WindowPhone\\Include\Vorbis\include" /I"E:\Backup\Study\3DProject\DirectX11-WinPhone\2DGameFramework - Build Cross-platform\2DGameFramework - WindowPhone\\Include\Freetype\include" /I"E:\Backup\Study\3DProject\DirectX11-WinPhone\2DGameFramework - Build Cross-platform\2DGameFramework - WindowPhone\\Include\Freetype" /I"E:\Backup\Study\3DProject\DirectX11-WinPhone\2DGameFramework - Build Cross-platform\2DGameFramework - WindowPhone\\Include\PNG" /I"E:\Backup\Study\3DProject\DirectX11-WinPhone\2DGameFramework - Build Cross-platform\2DGameFramework - WindowPhone\2DGameFramework\\" /I"Generated Files\\" /IDebug\ /ZI /ZW /ZW:nostdlib /nologo /W3 /WX- /sdl /MP /Od /Oy- /D _CRT_SECURE_NO_WARNINGS /D PSAPI_VERSION=2 /D _UNICODE /D UNICODE /D _DEBUG /D WINAPI_FAMILY=WINAPI_FAMILY_PHONE_APP /Gm- /EHsc /RTC1 /MDd /GS /fp:precise /Zc:wchar_t /Zc:forScope /Fo"Debug\\" /Fd"Debug\vc110.pdb" /Gd /TP /FU"G:\Microsoft Visual Studio 11.0\VC\WPSDK\WP80\lib\platform.winmd" /FU"C:\Program Files (x86)\Windows Phone Kits\8.0\Windows Metadata\Windows.winmd" /analyze- /errorReport:prompt ..\..\Source\Mesh2D.cpp
         Mesh2D.cpp
     1>e:\backup\study\3dproject\directx11-winphone\2dgameframework - build cross-platform\utilities\mathex.h(48): warning C4521: 'Vector2' : multiple copy constructors specified
     1>e:\backup\study\3dproject\directx11-winphone\2dgameframework - build cross-platform\utilities\mathex.h(93): warning C4521: 'Vector3' : multiple copy constructors specified
     1>e:\backup\study\3dproject\directx11-winphone\2dgameframework - build cross-platform\source\debugdefine.h(7): warning C4005: 'UNICODE' : macro redefinition
                 command-line arguments :  see previous definition of 'UNICODE'
     1>e:\backup\study\3dproject\directx11-winphone\2dgameframework - build cross-platform\source\debugdefine.h(33): warning C4005: 'MAXINT' : macro redefinition
                 c:\program files (x86)\windows phone kits\8.0\include\basetsd.h(452) : see previous definition of 'MAXINT'
       Lib:
         G:\Microsoft Visual Studio 11.0\VC\WPSDK\WP80\bin\Lib.exe /OUT:"E:\Backup\Study\3DProject\DirectX11-WinPhone\2DGameFramework - Build Cross-platform\2DGameFramework - WindowPhone\\BIN\2DGameFramework.lib" /LIBPATH:"E:\Backup\Study\3DProject\DirectX11-WinPhone\2DGameFramework - Build Cross-platform\2DGameFramework - WindowPhone\\Lib\Box2D" /LIBPATH:"E:\Backup\Study\3DProject\DirectX11-WinPhone\2DGameFramework - Build Cross-platform\2DGameFramework - WindowPhone\\Lib\Sound" /LIBPATH:"E:\Backup\Study\3DProject\DirectX11-WinPhone\2DGameFramework - Build Cross-platform\2DGameFramework - WindowPhone\\Lib\Vorbis" /LIBPATH:"E:\Backup\Study\3DProject\DirectX11-WinPhone\2DGameFramework - Build Cross-platform\2DGameFramework - WindowPhone\\Lib\PNG\X86" /LIBPATH:"E:\Backup\Study\3DProject\DirectX11-WinPhone\2DGameFramework - Build Cross-platform\2DGameFramework - WindowPhone\\Lib\Freetype" /NOLOGO Debug\AnimatedSprite.obj
         Debug\AnimatedSpritePhysics.obj
         Debug\BaseCamera.obj
         Debug\Camera.obj
         Debug\DDS.obj
         Debug\Direct3DBase.obj
         Debug\Entity2D.obj
         Debug\EntityFactory.obj
         Debug\FPSLimitter.obj
         Debug\Game.obj
         Debug\Global.obj
         Debug\InputHandler.obj
         Debug\Loader.obj
         Debug\LookAtCamera.obj
         Debug\Main.obj
         Debug\Mesh2D.obj
         Debug\Model2D.obj
         Debug\PathFinder.obj
         Debug\RectangleMesh.obj
         Debug\Renderer.obj
         Debug\Resource.obj
         Debug\ResourceManager.obj
         Debug\Shader.obj
         Debug\SoundManager.obj
         Debug\Sprite.obj
         Debug\State.obj
         Debug\StateConfig.obj
         Debug\StateManager.obj
         Debug\TextRenderer.obj
         Debug\Texture.obj
         Debug\Utils.obj
     1>Debug\Utils.obj : warning LNK4264: archiving object file compiled with /ZW into a static library; note that when authoring Windows Runtime types it is not recommended to link with a static library that contains Windows Runtime metadata
     1>Debug\Texture.obj : warning LNK4264: archiving object file compiled with /ZW into a static library; note that when authoring Windows Runtime types it is not recommended to link with a static library that contains Windows Runtime metadata
     1>Debug\TextRenderer.obj : warning LNK4264: archiving object file compiled with /ZW into a static library; note that when authoring Windows Runtime types it is not recommended to link with a static library that contains Windows Runtime metadata
     1>Debug\StateManager.obj : warning LNK4264: archiving object file compiled with /ZW into a static library; note that when authoring Windows Runtime types it is not recommended to link with a static library that contains Windows Runtime metadata
     1>Debug\StateConfig.obj : warning LNK4264: archiving object file compiled with /ZW into a static library; note that when authoring Windows Runtime types it is not recommended to link with a static library that contains Windows Runtime metadata
     1>Debug\State.obj : warning LNK4264: archiving object file compiled with /ZW into a static library; note that when authoring Windows Runtime types it is not recommended to link with a static library that contains Windows Runtime metadata
     1>Debug\Sprite.obj : warning LNK4264: archiving object file compiled with /ZW into a static library; note that when authoring Windows Runtime types it is not recommended to link with a static library that contains Windows Runtime metadata
     1>Debug\SoundManager.obj : warning LNK4264: archiving object file compiled with /ZW into a static library; note that when authoring Windows Runtime types it is not recommended to link with a static library that contains Windows Runtime metadata
     1>Debug\Shader.obj : warning LNK4264: archiving object file compiled with /ZW into a static library; note that when authoring Windows Runtime types it is not recommended to link with a static library that contains Windows Runtime metadata
     1>Debug\ResourceManager.obj : warning LNK4264: archiving object file compiled with /ZW into a static library; note that when authoring Windows Runtime types it is not recommended to link with a static library that contains Windows Runtime metadata
     1>Debug\Resource.obj : warning LNK4264: archiving object file compiled with /ZW into a static library; note that when authoring Windows Runtime types it is not recommended to link with a static library that contains Windows Runtime metadata
     1>Debug\Renderer.obj : warning LNK4264: archiving object file compiled with /ZW into a static library; note that when authoring Windows Runtime types it is not recommended to link with a static library that contains Windows Runtime metadata
     1>Debug\RectangleMesh.obj : warning LNK4264: archiving object file compiled with /ZW into a static library; note that when authoring Windows Runtime types it is not recommended to link with a static library that contains Windows Runtime metadata
     1>Debug\PathFinder.obj : warning LNK4264: archiving object file compiled with /ZW into a static library; note that when authoring Windows Runtime types it is not recommended to link with a static library that contains Windows Runtime metadata
     1>Debug\Model2D.obj : warning LNK4264: archiving object file compiled with /ZW into a static library; note that when authoring Windows Runtime types it is not recommended to link with a static library that contains Windows Runtime metadata
     1>Debug\Mesh2D.obj : warning LNK4264: archiving object file compiled with /ZW into a static library; note that when authoring Windows Runtime types it is not recommended to link with a static library that contains Windows Runtime metadata
     1>Debug\Main.obj : warning LNK4264: archiving object file compiled with /ZW into a static library; note that when authoring Windows Runtime types it is not recommended to link with a static library that contains Windows Runtime metadata
     1>Main.obj : warning LNK4221: This object file does not define any previously undefined public symbols, so it will not be used by any link operation that consumes this library
     1>Debug\LookAtCamera.obj : warning LNK4264: archiving object file compiled with /ZW into a static library; note that when authoring Windows Runtime types it is not recommended to link with a static library that contains Windows Runtime metadata
     1>Debug\Loader.obj : warning LNK4264: archiving object file compiled with /ZW into a static library; note that when authoring Windows Runtime types it is not recommended to link with a static library that contains Windows Runtime metadata
     1>Debug\InputHandler.obj : warning LNK4264: archiving object file compiled with /ZW into a static library; note that when authoring Windows Runtime types it is not recommended to link with a static library that contains Windows Runtime metadata
     1>InputHandler.obj : warning LNK4221: This object file does not define any previously undefined public symbols, so it will not be used by any link operation that consumes this library
     1>Debug\Global.obj : warning LNK4264: archiving object file compiled with /ZW into a static library; note that when authoring Windows Runtime types it is not recommended to link with a static library that contains Windows Runtime metadata
     1>Debug\Game.obj : warning LNK4264: archiving object file compiled with /ZW into a static library; note that when authoring Windows Runtime types it is not recommended to link with a static library that contains Windows Runtime metadata
     1>Debug\FPSLimitter.obj : warning LNK4264: archiving object file compiled with /ZW into a static library; note that when authoring Windows Runtime types it is not recommended to link with a static library that contains Windows Runtime metadata
     1>Debug\EntityFactory.obj : warning LNK4264: archiving object file compiled with /ZW into a static library; note that when authoring Windows Runtime types it is not recommended to link with a static library that contains Windows Runtime metadata
     1>Debug\Entity2D.obj : warning LNK4264: archiving object file compiled with /ZW into a static library; note that when authoring Windows Runtime types it is not recommended to link with a static library that contains Windows Runtime metadata
     1>Debug\Direct3DBase.obj : warning LNK4264: archiving object file compiled with /ZW into a static library; note that when authoring Windows Runtime types it is not recommended to link with a static library that contains Windows Runtime metadata
     1>Debug\DDS.obj : warning LNK4264: archiving object file compiled with /ZW into a static library; note that when authoring Windows Runtime types it is not recommended to link with a static library that contains Windows Runtime metadata
     1>Debug\Camera.obj : warning LNK4264: archiving object file compiled with /ZW into a static library; note that when authoring Windows Runtime types it is not recommended to link with a static library that contains Windows Runtime metadata
     1>Debug\BaseCamera.obj : warning LNK4264: archiving object file compiled with /ZW into a static library; note that when authoring Windows Runtime types it is not recommended to link with a static library that contains Windows Runtime metadata
     1>Debug\AnimatedSpritePhysics.obj : warning LNK4264: archiving object file compiled with /ZW into a static library; note that when authoring Windows Runtime types it is not recommended to link with a static library that contains Windows Runtime metadata
     1>Debug\AnimatedSprite.obj : warning LNK4264: archiving object file compiled with /ZW into a static library; note that when authoring Windows Runtime types it is not recommended to link with a static library that contains Windows Runtime metadata
         2DGameFramework.vcxproj -> E:\Backup\Study\3DProject\DirectX11-WinPhone\2DGameFramework - Build Cross-platform\2DGameFramework - WindowPhone\\BIN\2DGameFramework.lib
     1>Done Building Project "E:\Backup\Study\3DProject\DirectX11-WinPhone\2DGameFramework - Build Cross-platform\2DGameFramework - WindowPhone\2DGameFramework\2DGameFramework.vcxproj" (Build target(s)).

Build succeeded.

Time Elapsed 00:00:04.06
